[21-Jul-2018 22:24:12 UTC] PHP Parse error:  syntax error, unexpected '$stmt' (T_VARIABLE) in /home/ubuntu/workspace/cst336/labs/final/php/createShip.php on line 9
[21-Jul-2018 22:24:12 UTC] PHP Stack trace:
[21-Jul-2018 22:24:12 UTC] PHP   1. {main}() /home/ubuntu/workspace/cst336/labs/final/index.php:0
[21-Jul-2018 22:25:45 UTC] PHP Parse error:  syntax error, unexpected '$stmt' (T_VARIABLE) in /home/ubuntu/workspace/cst336/labs/final/php/createShip.php on line 11
[21-Jul-2018 22:25:45 UTC] PHP Stack trace:
[21-Jul-2018 22:25:45 UTC] PHP   1. {main}() /home/ubuntu/workspace/cst336/labs/final/index.php:0
[21-Jul-2018 22:35:33 UTC] PHP Parse error:  syntax error, unexpected '$stmt' (T_VARIABLE) in /home/ubuntu/workspace/cst336/labs/final/php/createShip.php on line 11
[21-Jul-2018 22:35:33 UTC] PHP Stack trace:
[21-Jul-2018 22:35:33 UTC] PHP   1. {main}() /home/ubuntu/workspace/cst336/labs/final/index.php:0
[21-Jul-2018 22:39:02 UTC] PHP Fatal error:  Call to undefined function displayAllProducts() in /home/ubuntu/workspace/cst336/labs/final/index.php on line 9
[21-Jul-2018 22:39:02 UTC] PHP Stack trace:
[21-Jul-2018 22:39:02 UTC] PHP   1. {main}() /home/ubuntu/workspace/cst336/labs/final/index.php:0
[21-Jul-2018 22:41:15 UTC] PHP Fatal error:  Call to undefined function echo_products() in /home/ubuntu/workspace/cst336/labs/final/index.php on line 9
[21-Jul-2018 22:41:15 UTC] PHP Stack trace:
[21-Jul-2018 22:41:15 UTC] PHP   1. {main}() /home/ubuntu/workspace/cst336/labs/final/index.php:0
[21-Jul-2018 22:42:24 UTC] PHP Fatal error:  Call to undefined function echo_products() in /home/ubuntu/workspace/cst336/labs/final/index.php on line 9
[21-Jul-2018 22:42:24 UTC] PHP Stack trace:
[21-Jul-2018 22:42:24 UTC] PHP   1. {main}() /home/ubuntu/workspace/cst336/labs/final/index.php:0
[21-Jul-2018 22:45:09 UTC] PHP Fatal error:  Call to undefined function echo_products() in /home/ubuntu/workspace/cst336/labs/final/index.php on line 14
[21-Jul-2018 22:45:09 UTC] PHP Stack trace:
[21-Jul-2018 22:45:09 UTC] PHP   1. {main}() /home/ubuntu/workspace/cst336/labs/final/index.php:0
[21-Jul-2018 22:46:57 UTC] PHP Fatal error:  Call to undefined function echo_products() in /home/ubuntu/workspace/cst336/labs/final/index.php on line 18
[21-Jul-2018 22:46:57 UTC] PHP Stack trace:
[21-Jul-2018 22:46:57 UTC] PHP   1. {main}() /home/ubuntu/workspace/cst336/labs/final/index.php:0
[21-Jul-2018 22:50:21 UTC] PHP Fatal error:  Cannot use [] for reading in /home/ubuntu/workspace/cst336/labs/final/php/functions.php on line 44
[21-Jul-2018 22:50:21 UTC] PHP Stack trace:
[21-Jul-2018 22:50:21 UTC] PHP   1. {main}() /home/ubuntu/workspace/cst336/labs/final/index.php:0
[21-Jul-2018 22:50:43 UTC] PHP Parse error:  syntax error, unexpected end of file in /home/ubuntu/workspace/cst336/labs/final/php/functions.php on line 79
[21-Jul-2018 22:50:43 UTC] PHP Stack trace:
[21-Jul-2018 22:50:43 UTC] PHP   1. {main}() /home/ubuntu/workspace/cst336/labs/final/index.php:0
[21-Jul-2018 22:51:16 UTC] PHP Parse error:  syntax error, unexpected end of file in /home/ubuntu/workspace/cst336/labs/final/php/functions.php on line 80
[21-Jul-2018 22:51:16 UTC] PHP Stack trace:
[21-Jul-2018 22:51:16 UTC] PHP   1. {main}() /home/ubuntu/workspace/cst336/labs/final/index.php:0
[21-Jul-2018 22:53:22 UTC] PHP Warning:  mysql_fetch_array() expects parameter 1 to be resource, array given in /home/ubuntu/workspace/cst336/labs/final/php/functions.php on line 43
[21-Jul-2018 22:53:22 UTC] PHP Stack trace:
[21-Jul-2018 22:53:22 UTC] PHP   1. {main}() /home/ubuntu/workspace/cst336/labs/final/index.php:0
[21-Jul-2018 22:53:22 UTC] PHP   2. echo_products() /home/ubuntu/workspace/cst336/labs/final/index.php:18
[21-Jul-2018 22:53:22 UTC] PHP   3. mysql_fetch_array() /home/ubuntu/workspace/cst336/labs/final/php/functions.php:43
[21-Jul-2018 22:55:11 UTC] PHP Parse error:  syntax error, unexpected '<' in /home/ubuntu/workspace/cst336/labs/final/php/functions.php on line 42
[21-Jul-2018 22:55:11 UTC] PHP Stack trace:
[21-Jul-2018 22:55:11 UTC] PHP   1. {main}() /home/ubuntu/workspace/cst336/labs/final/index.php:0
[21-Jul-2018 23:02:28 UTC] PHP Parse error:  syntax error, unexpected end of file in /home/ubuntu/workspace/cst336/labs/final/php/functions.php on line 82
[21-Jul-2018 23:02:28 UTC] PHP Stack trace:
[21-Jul-2018 23:02:28 UTC] PHP   1. {main}() /home/ubuntu/workspace/cst336/labs/final/index.php:0
[21-Jul-2018 23:02:45 UTC] PHP Warning:  Invalid argument supplied for foreach() in /home/ubuntu/workspace/cst336/labs/final/php/functions.php on line 43
[21-Jul-2018 23:02:45 UTC] PHP Stack trace:
[21-Jul-2018 23:02:45 UTC] PHP   1. {main}() /home/ubuntu/workspace/cst336/labs/final/index.php:0
[21-Jul-2018 23:02:45 UTC] PHP   2. echo_products() /home/ubuntu/workspace/cst336/labs/final/index.php:18
[21-Jul-2018 23:11:26 UTC] PHP Fatal error:  Call to undefined function displayAllShips() in /home/ubuntu/workspace/cst336/labs/final/index.php on line 11
[21-Jul-2018 23:11:26 UTC] PHP Stack trace:
[21-Jul-2018 23:11:26 UTC] PHP   1. {main}() /home/ubuntu/workspace/cst336/labs/final/index.php:0
[21-Jul-2018 23:36:00 UTC] PHP Parse error:  syntax error, unexpected '.' in /home/ubuntu/workspace/cst336/labs/final/php/functions.php on line 43
[21-Jul-2018 23:36:00 UTC] PHP Stack trace:
[21-Jul-2018 23:36:00 UTC] PHP   1. {main}() /home/ubuntu/workspace/cst336/labs/final/index.php:0
[21-Jul-2018 23:47:29 UTC] PHP Parse error:  syntax error, unexpected 'foreach' (T_FOREACH) in /home/ubuntu/workspace/cst336/labs/final/index.php on line 24
[21-Jul-2018 23:55:52 UTC] PHP Fatal error:  Uncaught exception 'PDOException' with message 'SQLSTATE[42S02]: Base table or view not found: 1146 Table 'heroku_95f57077cc03cf4.conditions' doesn't exist' in /home/ubuntu/workspace/cst336/labs/final/php/functions.php:11
Stack trace:
#0 /home/ubuntu/workspace/cst336/labs/final/php/functions.php(11): PDOStatement->execute()
#1 /home/ubuntu/workspace/cst336/labs/final/php/functions.php(6): select('SELECT * FROM C...')
#2 /home/ubuntu/workspace/cst336/labs/final/index.php(5): include('/home/ubuntu/wo...')
#3 {main}
  thrown in /home/ubuntu/workspace/cst336/labs/final/php/functions.php on line 11
[22-Jul-2018 20:53:39 UTC] PHP Fatal error:  Uncaught exception 'PDOException' with message 'SQLSTATE[42000]: Syntax error or access violation: 1064 You have an error in your SQL syntax; check the manual that corresponds to your MySQL server version for the right syntax to use near 'condition, long_description, 
        cost, i.year_of_production, image_url, act' at line 1' in /home/ubuntu/workspace/cst336/labs/final/php/functions.php:73
Stack trace:
#0 /home/ubuntu/workspace/cst336/labs/final/php/functions.php(73): PDOStatement->execute()
#1 /home/ubuntu/workspace/cst336/labs/final/index.php(24): selectAllInventory()
#2 {main}
  thrown in /home/ubuntu/workspace/cst336/labs/final/php/functions.php on line 73
[22-Jul-2018 20:54:12 UTC] PHP Fatal error:  Uncaught exception 'PDOException' with message 'SQLSTATE[42000]: Syntax error or access violation: 1064 You have an error in your SQL syntax; check the manual that corresponds to your MySQL server version for the right syntax to use near 'condition, long_description, 
        cost, i.year_of_production, image_url, act' at line 1' in /home/ubuntu/workspace/cst336/labs/final/php/functions.php:73
Stack trace:
#0 /home/ubuntu/workspace/cst336/labs/final/php/functions.php(73): PDOStatement->execute()
#1 /home/ubuntu/workspace/cst336/labs/final/index.php(24): selectAllInventory()
#2 {main}
  thrown in /home/ubuntu/workspace/cst336/labs/final/php/functions.php on line 73
[22-Jul-2018 20:54:16 UTC] PHP Fatal error:  Uncaught exception 'PDOException' with message 'SQLSTATE[42000]: Syntax error or access violation: 1064 You have an error in your SQL syntax; check the manual that corresponds to your MySQL server version for the right syntax to use near 'condition, long_description, 
        cost, i.year_of_production, image_url, act' at line 1' in /home/ubuntu/workspace/cst336/labs/final/php/functions.php:73
Stack trace:
#0 /home/ubuntu/workspace/cst336/labs/final/php/functions.php(73): PDOStatement->execute()
#1 /home/ubuntu/workspace/cst336/labs/final/index.php(24): selectAllInventory()
#2 {main}
  thrown in /home/ubuntu/workspace/cst336/labs/final/php/functions.php on line 73
[22-Jul-2018 20:54:24 UTC] PHP Fatal error:  Uncaught exception 'PDOException' with message 'SQLSTATE[42000]: Syntax error or access violation: 1064 You have an error in your SQL syntax; check the manual that corresponds to your MySQL server version for the right syntax to use near 'condition, long_description, 
        cost, i.year_of_production, image_url, act' at line 1' in /home/ubuntu/workspace/cst336/labs/final/php/functions.php:73
Stack trace:
#0 /home/ubuntu/workspace/cst336/labs/final/php/functions.php(73): PDOStatement->execute()
#1 /home/ubuntu/workspace/cst336/labs/final/index.php(24): selectAllInventory()
#2 {main}
  thrown in /home/ubuntu/workspace/cst336/labs/final/php/functions.php on line 73
[22-Jul-2018 20:55:01 UTC] PHP Fatal error:  Uncaught exception 'PDOException' with message 'SQLSTATE[42000]: Syntax error or access violation: 1064 You have an error in your SQL syntax; check the manual that corresponds to your MySQL server version for the right syntax to use near 'condition, long_description, 
        cost, i.year_of_production, image_url, act' at line 1' in /home/ubuntu/workspace/cst336/labs/final/php/functions.php:73
Stack trace:
#0 /home/ubuntu/workspace/cst336/labs/final/php/functions.php(73): PDOStatement->execute()
#1 /home/ubuntu/workspace/cst336/labs/final/index.php(24): selectAllInventory()
#2 {main}
  thrown in /home/ubuntu/workspace/cst336/labs/final/php/functions.php on line 73
[22-Jul-2018 20:56:09 UTC] PHP Fatal error:  Call to a member function prepare() on a non-object in /home/ubuntu/workspace/cst336/labs/final/php/functions.php on line 51
[22-Jul-2018 20:56:09 UTC] PHP Stack trace:
[22-Jul-2018 20:56:09 UTC] PHP   1. {main}() /home/ubuntu/workspace/cst336/labs/final/index.php:0
[22-Jul-2018 20:56:09 UTC] PHP   2. getShipCreatedLast() /home/ubuntu/workspace/cst336/labs/final/index.php:37
[22-Jul-2018 20:57:45 UTC] PHP Fatal error:  Call to a member function prepare() on a non-object in /home/ubuntu/workspace/cst336/labs/final/php/functions.php on line 51
[22-Jul-2018 20:57:45 UTC] PHP Stack trace:
[22-Jul-2018 20:57:45 UTC] PHP   1. {main}() /home/ubuntu/workspace/cst336/labs/final/index.php:0
[22-Jul-2018 20:57:45 UTC] PHP   2. getShipCreatedLast() /home/ubuntu/workspace/cst336/labs/final/index.php:37
[22-Jul-2018 20:57:53 UTC] PHP Fatal error:  Call to a member function prepare() on a non-object in /home/ubuntu/workspace/cst336/labs/final/php/functions.php on line 51
[22-Jul-2018 20:57:53 UTC] PHP Stack trace:
[22-Jul-2018 20:57:53 UTC] PHP   1. {main}() /home/ubuntu/workspace/cst336/labs/final/index.php:0
[22-Jul-2018 20:57:53 UTC] PHP   2. getShipCreatedLast() /home/ubuntu/workspace/cst336/labs/final/index.php:37
[22-Jul-2018 20:58:55 UTC] PHP Fatal error:  Call to a member function prepare() on a non-object in /home/ubuntu/workspace/cst336/labs/final/php/functions.php on line 51
[22-Jul-2018 20:58:55 UTC] PHP Stack trace:
[22-Jul-2018 20:58:55 UTC] PHP   1. {main}() /home/ubuntu/workspace/cst336/labs/final/index.php:0
[22-Jul-2018 20:58:55 UTC] PHP   2. getShipCreatedLast() /home/ubuntu/workspace/cst336/labs/final/index.php:37
[22-Jul-2018 20:59:36 UTC] PHP Fatal error:  Call to a member function prepare() on a non-object in /home/ubuntu/workspace/cst336/labs/final/php/functions.php on line 51
[22-Jul-2018 20:59:36 UTC] PHP Stack trace:
[22-Jul-2018 20:59:36 UTC] PHP   1. {main}() /home/ubuntu/workspace/cst336/labs/final/index.php:0
[22-Jul-2018 20:59:36 UTC] PHP   2. getShipCreatedLast() /home/ubuntu/workspace/cst336/labs/final/index.php:37
[22-Jul-2018 21:00:06 UTC] PHP Fatal error:  Call to a member function prepare() on a non-object in /home/ubuntu/workspace/cst336/labs/final/php/functions.php on line 51
[22-Jul-2018 21:00:06 UTC] PHP Stack trace:
[22-Jul-2018 21:00:06 UTC] PHP   1. {main}() /home/ubuntu/workspace/cst336/labs/final/index.php:0
[22-Jul-2018 21:00:06 UTC] PHP   2. getShipCreatedLast() /home/ubuntu/workspace/cst336/labs/final/index.php:37
[22-Jul-2018 21:38:52 UTC] PHP Fatal error:  Uncaught exception 'PDOException' with message 'SQLSTATE[42S22]: Column not found: 1054 Unknown column 'i.condition' in 'field list'' in /home/ubuntu/workspace/cst336/labs/final/php/functions.php:94
Stack trace:
#0 /home/ubuntu/workspace/cst336/labs/final/php/functions.php(94): PDOStatement->execute()
#1 /home/ubuntu/workspace/cst336/labs/final/index.php(24): selectAllInventory()
#2 {main}
  thrown in /home/ubuntu/workspace/cst336/labs/final/php/functions.php on line 94
[22-Jul-2018 21:48:00 UTC] PHP Parse error:  syntax error, unexpected end of file in /home/ubuntu/workspace/cst336/labs/final/index.php on line 78
[22-Jul-2018 21:48:15 UTC] PHP Fatal error:  Uncaught exception 'PDOException' with message 'SQLSTATE[42000]: Syntax error or access violation: 1064 You have an error in your SQL syntax; check the manual that corresponds to your MySQL server version for the right syntax to use near '' at line 5' in /home/ubuntu/workspace/cst336/labs/final/php/functions.php:36
Stack trace:
#0 /home/ubuntu/workspace/cst336/labs/final/php/functions.php(36): PDOStatement->execute()
#1 /home/ubuntu/workspace/cst336/labs/final/index.php(38): getShipInfo(1)
#2 {main}
  thrown in /home/ubuntu/workspace/cst336/labs/final/php/functions.php on line 36
[22-Jul-2018 21:48:51 UTC] PHP Fatal error:  Uncaught exception 'PDOException' with message 'SQLSTATE[42000]: Syntax error or access violation: 1064 You have an error in your SQL syntax; check the manual that corresponds to your MySQL server version for the right syntax to use near '' at line 5' in /home/ubuntu/workspace/cst336/labs/final/php/functions.php:36
Stack trace:
#0 /home/ubuntu/workspace/cst336/labs/final/php/functions.php(36): PDOStatement->execute()
#1 /home/ubuntu/workspace/cst336/labs/final/index.php(41): getShipInfo(1)
#2 {main}
  thrown in /home/ubuntu/workspace/cst336/labs/final/php/functions.php on line 36
[22-Jul-2018 21:51:07 UTC] PHP Fatal error:  Uncaught exception 'PDOException' with message 'SQLSTATE[42000]: Syntax error or access violation: 1064 You have an error in your SQL syntax; check the manual that corresponds to your MySQL server version for the right syntax to use near 'from inventory as i join ships as s on ship = ship_id
        WHERE ship_id = 1' at line 3' in /home/ubuntu/workspace/cst336/labs/final/php/functions.php:35
Stack trace:
#0 /home/ubuntu/workspace/cst336/labs/final/php/functions.php(35): PDOStatement->execute()
#1 /home/ubuntu/workspace/cst336/labs/final/index.php(41): getShipInfo(1)
#2 {main}
  thrown in /home/ubuntu/workspace/cst336/labs/final/php/functions.php on line 35
[22-Jul-2018 21:52:30 UTC] PHP Fatal error:  Uncaught exception 'PDOException' with message 'SQLSTATE[42000]: Syntax error or access violation: 1064 You have an error in your SQL syntax; check the manual that corresponds to your MySQL server version for the right syntax to use near 'from inventory as i join ships as s on ship = ship_id
        WHERE ship_id = 1' at line 3' in /home/ubuntu/workspace/cst336/labs/final/php/functions.php:36
Stack trace:
#0 /home/ubuntu/workspace/cst336/labs/final/php/functions.php(36): PDOStatement->execute()
#1 /home/ubuntu/workspace/cst336/labs/final/index.php(41): getShipInfo(1)
#2 {main}
  thrown in /home/ubuntu/workspace/cst336/labs/final/php/functions.php on line 36
[22-Jul-2018 21:53:05 UTC] PHP Warning:  Illegal string offset 's.name' in /home/ubuntu/workspace/cst336/labs/final/index.php on line 43
[22-Jul-2018 21:53:05 UTC] PHP Stack trace:
[22-Jul-2018 21:53:05 UTC] PHP   1. {main}() /home/ubuntu/workspace/cst336/labs/final/index.php:0
[22-Jul-2018 21:53:05 UTC] PHP Warning:  Illegal string offset 'make' in /home/ubuntu/workspace/cst336/labs/final/index.php on line 44
[22-Jul-2018 21:53:05 UTC] PHP Stack trace:
[22-Jul-2018 21:53:05 UTC] PHP   1. {main}() /home/ubuntu/workspace/cst336/labs/final/index.php:0
[22-Jul-2018 21:53:05 UTC] PHP Warning:  Illegal string offset 'model' in /home/ubuntu/workspace/cst336/labs/final/index.php on line 45
[22-Jul-2018 21:53:05 UTC] PHP Stack trace:
[22-Jul-2018 21:53:05 UTC] PHP   1. {main}() /home/ubuntu/workspace/cst336/labs/final/index.php:0
[22-Jul-2018 21:53:05 UTC] PHP Warning:  Illegal string offset 'make' in /home/ubuntu/workspace/cst336/labs/final/index.php on line 46
[22-Jul-2018 21:53:05 UTC] PHP Stack trace:
[22-Jul-2018 21:53:05 UTC] PHP   1. {main}() /home/ubuntu/workspace/cst336/labs/final/index.php:0
[22-Jul-2018 21:53:05 UTC] PHP Warning:  Illegal string offset 'i.ship_condition' in /home/ubuntu/workspace/cst336/labs/final/index.php on line 47
[22-Jul-2018 21:53:05 UTC] PHP Stack trace:
[22-Jul-2018 21:53:05 UTC] PHP   1. {main}() /home/ubuntu/workspace/cst336/labs/final/index.php:0
[22-Jul-2018 21:53:05 UTC] PHP Warning:  Illegal string offset 'long_description' in /home/ubuntu/workspace/cst336/labs/final/index.php on line 48
[22-Jul-2018 21:53:05 UTC] PHP Stack trace:
[22-Jul-2018 21:53:05 UTC] PHP   1. {main}() /home/ubuntu/workspace/cst336/labs/final/index.php:0
[22-Jul-2018 21:53:05 UTC] PHP Warning:  Illegal string offset 'cost' in /home/ubuntu/workspace/cst336/labs/final/index.php on line 49
[22-Jul-2018 21:53:05 UTC] PHP Stack trace:
[22-Jul-2018 21:53:05 UTC] PHP   1. {main}() /home/ubuntu/workspace/cst336/labs/final/index.php:0
[22-Jul-2018 21:53:05 UTC] PHP Warning:  Illegal string offset 'i.year_of_production' in /home/ubuntu/workspace/cst336/labs/final/index.php on line 50
[22-Jul-2018 21:53:05 UTC] PHP Stack trace:
[22-Jul-2018 21:53:05 UTC] PHP   1. {main}() /home/ubuntu/workspace/cst336/labs/final/index.php:0
[22-Jul-2018 21:53:05 UTC] PHP Warning:  Illegal string offset 'image_url' in /home/ubuntu/workspace/cst336/labs/final/index.php on line 51
[22-Jul-2018 21:53:05 UTC] PHP Stack trace:
[22-Jul-2018 21:53:05 UTC] PHP   1. {main}() /home/ubuntu/workspace/cst336/labs/final/index.php:0
[22-Jul-2018 21:53:05 UTC] PHP Warning:  Illegal string offset 'action_image_url' in /home/ubuntu/workspace/cst336/labs/final/index.php on line 52
[22-Jul-2018 21:53:05 UTC] PHP Stack trace:
[22-Jul-2018 21:53:05 UTC] PHP   1. {main}() /home/ubuntu/workspace/cst336/labs/final/index.php:0
[22-Jul-2018 21:53:05 UTC] PHP Warning:  Illegal string offset 's.name' in /home/ubuntu/workspace/cst336/labs/final/index.php on line 43
[22-Jul-2018 21:53:05 UTC] PHP Stack trace:
[22-Jul-2018 21:53:05 UTC] PHP   1. {main}() /home/ubuntu/workspace/cst336/labs/final/index.php:0
[22-Jul-2018 21:53:05 UTC] PHP Warning:  Illegal string offset 'make' in /home/ubuntu/workspace/cst336/labs/final/index.php on line 44
[22-Jul-2018 21:53:05 UTC] PHP Stack trace:
[22-Jul-2018 21:53:05 UTC] PHP   1. {main}() /home/ubuntu/workspace/cst336/labs/final/index.php:0
[22-Jul-2018 21:53:05 UTC] PHP Warning:  Illegal string offset 'model' in /home/ubuntu/workspace/cst336/labs/final/index.php on line 45
[22-Jul-2018 21:53:05 UTC] PHP Stack trace:
[22-Jul-2018 21:53:05 UTC] PHP   1. {main}() /home/ubuntu/workspace/cst336/labs/final/index.php:0
[22-Jul-2018 21:53:05 UTC] PHP Warning:  Illegal string offset 'make' in /home/ubuntu/workspace/cst336/labs/final/index.php on line 46
[22-Jul-2018 21:53:05 UTC] PHP Stack trace:
[22-Jul-2018 21:53:05 UTC] PHP   1. {main}() /home/ubuntu/workspace/cst336/labs/final/index.php:0
[22-Jul-2018 21:53:05 UTC] PHP Warning:  Illegal string offset 'i.ship_condition' in /home/ubuntu/workspace/cst336/labs/final/index.php on line 47
[22-Jul-2018 21:53:05 UTC] PHP Stack trace:
[22-Jul-2018 21:53:05 UTC] PHP   1. {main}() /home/ubuntu/workspace/cst336/labs/final/index.php:0
[22-Jul-2018 21:53:05 UTC] PHP Warning:  Illegal string offset 'long_description' in /home/ubuntu/workspace/cst336/labs/final/index.php on line 48
[22-Jul-2018 21:53:05 UTC] PHP Stack trace:
[22-Jul-2018 21:53:05 UTC] PHP   1. {main}() /home/ubuntu/workspace/cst336/labs/final/index.php:0
[22-Jul-2018 21:53:05 UTC] PHP Warning:  Illegal string offset 'cost' in /home/ubuntu/workspace/cst336/labs/final/index.php on line 49
[22-Jul-2018 21:53:05 UTC] PHP Stack trace:
[22-Jul-2018 21:53:05 UTC] PHP   1. {main}() /home/ubuntu/workspace/cst336/labs/final/index.php:0
[22-Jul-2018 21:53:05 UTC] PHP Warning:  Illegal string offset 'i.year_of_production' in /home/ubuntu/workspace/cst336/labs/final/index.php on line 50
[22-Jul-2018 21:53:05 UTC] PHP Stack trace:
[22-Jul-2018 21:53:05 UTC] PHP   1. {main}() /home/ubuntu/workspace/cst336/labs/final/index.php:0
[22-Jul-2018 21:53:05 UTC] PHP Warning:  Illegal string offset 'image_url' in /home/ubuntu/workspace/cst336/labs/final/index.php on line 51
[22-Jul-2018 21:53:05 UTC] PHP Stack trace:
[22-Jul-2018 21:53:05 UTC] PHP   1. {main}() /home/ubuntu/workspace/cst336/labs/final/index.php:0
[22-Jul-2018 21:53:05 UTC] PHP Warning:  Illegal string offset 'action_image_url' in /home/ubuntu/workspace/cst336/labs/final/index.php on line 52
[22-Jul-2018 21:53:05 UTC] PHP Stack trace:
[22-Jul-2018 21:53:05 UTC] PHP   1. {main}() /home/ubuntu/workspace/cst336/labs/final/index.php:0
[22-Jul-2018 21:53:05 UTC] PHP Warning:  Illegal string offset 's.name' in /home/ubuntu/workspace/cst336/labs/final/index.php on line 43
[22-Jul-2018 21:53:05 UTC] PHP Stack trace:
[22-Jul-2018 21:53:05 UTC] PHP   1. {main}() /home/ubuntu/workspace/cst336/labs/final/index.php:0
[22-Jul-2018 21:53:05 UTC] PHP Warning:  Illegal string offset 'make' in /home/ubuntu/workspace/cst336/labs/final/index.php on line 44
[22-Jul-2018 21:53:05 UTC] PHP Stack trace:
[22-Jul-2018 21:53:05 UTC] PHP   1. {main}() /home/ubuntu/workspace/cst336/labs/final/index.php:0
[22-Jul-2018 21:53:05 UTC] PHP Warning:  Illegal string offset 'model' in /home/ubuntu/workspace/cst336/labs/final/index.php on line 45
[22-Jul-2018 21:53:05 UTC] PHP Stack trace:
[22-Jul-2018 21:53:05 UTC] PHP   1. {main}() /home/ubuntu/workspace/cst336/labs/final/index.php:0
[22-Jul-2018 21:53:05 UTC] PHP Warning:  Illegal string offset 'make' in /home/ubuntu/workspace/cst336/labs/final/index.php on line 46
[22-Jul-2018 21:53:05 UTC] PHP Stack trace:
[22-Jul-2018 21:53:05 UTC] PHP   1. {main}() /home/ubuntu/workspace/cst336/labs/final/index.php:0
[22-Jul-2018 21:53:05 UTC] PHP Warning:  Illegal string offset 'i.ship_condition' in /home/ubuntu/workspace/cst336/labs/final/index.php on line 47
[22-Jul-2018 21:53:05 UTC] PHP Stack trace:
[22-Jul-2018 21:53:05 UTC] PHP   1. {main}() /home/ubuntu/workspace/cst336/labs/final/index.php:0
[22-Jul-2018 21:53:05 UTC] PHP Warning:  Illegal string offset 'long_description' in /home/ubuntu/workspace/cst336/labs/final/index.php on line 48
[22-Jul-2018 21:53:05 UTC] PHP Stack trace:
[22-Jul-2018 21:53:05 UTC] PHP   1. {main}() /home/ubuntu/workspace/cst336/labs/final/index.php:0
[22-Jul-2018 21:53:05 UTC] PHP Warning:  Illegal string offset 'cost' in /home/ubuntu/workspace/cst336/labs/final/index.php on line 49
[22-Jul-2018 21:53:05 UTC] PHP Stack trace:
[22-Jul-2018 21:53:05 UTC] PHP   1. {main}() /home/ubuntu/workspace/cst336/labs/final/index.php:0
[22-Jul-2018 21:53:05 UTC] PHP Warning:  Illegal string offset 'i.year_of_production' in /home/ubuntu/workspace/cst336/labs/final/index.php on line 50
[22-Jul-2018 21:53:05 UTC] PHP Stack trace:
[22-Jul-2018 21:53:05 UTC] PHP   1. {main}() /home/ubuntu/workspace/cst336/labs/final/index.php:0
[22-Jul-2018 21:53:05 UTC] PHP Warning:  Illegal string offset 'image_url' in /home/ubuntu/workspace/cst336/labs/final/index.php on line 51
[22-Jul-2018 21:53:05 UTC] PHP Stack trace:
[22-Jul-2018 21:53:05 UTC] PHP   1. {main}() /home/ubuntu/workspace/cst336/labs/final/index.php:0
[22-Jul-2018 21:53:05 UTC] PHP Warning:  Illegal string offset 'action_image_url' in /home/ubuntu/workspace/cst336/labs/final/index.php on line 52
[22-Jul-2018 21:53:05 UTC] PHP Stack trace:
[22-Jul-2018 21:53:05 UTC] PHP   1. {main}() /home/ubuntu/workspace/cst336/labs/final/index.php:0
[22-Jul-2018 21:53:05 UTC] PHP Warning:  Illegal string offset 's.name' in /home/ubuntu/workspace/cst336/labs/final/index.php on line 43
[22-Jul-2018 21:53:05 UTC] PHP Stack trace:
[22-Jul-2018 21:53:05 UTC] PHP   1. {main}() /home/ubuntu/workspace/cst336/labs/final/index.php:0
[22-Jul-2018 21:53:05 UTC] PHP Warning:  Illegal string offset 'make' in /home/ubuntu/workspace/cst336/labs/final/index.php on line 44
[22-Jul-2018 21:53:05 UTC] PHP Stack trace:
[22-Jul-2018 21:53:05 UTC] PHP   1. {main}() /home/ubuntu/workspace/cst336/labs/final/index.php:0
[22-Jul-2018 21:53:05 UTC] PHP Warning:  Illegal string offset 'model' in /home/ubuntu/workspace/cst336/labs/final/index.php on line 45
[22-Jul-2018 21:53:05 UTC] PHP Stack trace:
[22-Jul-2018 21:53:05 UTC] PHP   1. {main}() /home/ubuntu/workspace/cst336/labs/final/index.php:0
[22-Jul-2018 21:53:05 UTC] PHP Warning:  Illegal string offset 'make' in /home/ubuntu/workspace/cst336/labs/final/index.php on line 46
[22-Jul-2018 21:53:05 UTC] PHP Stack trace:
[22-Jul-2018 21:53:05 UTC] PHP   1. {main}() /home/ubuntu/workspace/cst336/labs/final/index.php:0
[22-Jul-2018 21:53:05 UTC] PHP Warning:  Illegal string offset 'i.ship_condition' in /home/ubuntu/workspace/cst336/labs/final/index.php on line 47
[22-Jul-2018 21:53:05 UTC] PHP Stack trace:
[22-Jul-2018 21:53:05 UTC] PHP   1. {main}() /home/ubuntu/workspace/cst336/labs/final/index.php:0
[22-Jul-2018 21:53:05 UTC] PHP Warning:  Illegal string offset 'long_description' in /home/ubuntu/workspace/cst336/labs/final/index.php on line 48
[22-Jul-2018 21:53:05 UTC] PHP Stack trace:
[22-Jul-2018 21:53:05 UTC] PHP   1. {main}() /home/ubuntu/workspace/cst336/labs/final/index.php:0
[22-Jul-2018 21:53:05 UTC] PHP Warning:  Illegal string offset 'cost' in /home/ubuntu/workspace/cst336/labs/final/index.php on line 49
[22-Jul-2018 21:53:05 UTC] PHP Stack trace:
[22-Jul-2018 21:53:05 UTC] PHP   1. {main}() /home/ubuntu/workspace/cst336/labs/final/index.php:0
[22-Jul-2018 21:53:05 UTC] PHP Warning:  Illegal string offset 'i.year_of_production' in /home/ubuntu/workspace/cst336/labs/final/index.php on line 50
[22-Jul-2018 21:53:05 UTC] PHP Stack trace:
[22-Jul-2018 21:53:05 UTC] PHP   1. {main}() /home/ubuntu/workspace/cst336/labs/final/index.php:0
[22-Jul-2018 21:53:05 UTC] PHP Warning:  Illegal string offset 'image_url' in /home/ubuntu/workspace/cst336/labs/final/index.php on line 51
[22-Jul-2018 21:53:05 UTC] PHP Stack trace:
[22-Jul-2018 21:53:05 UTC] PHP   1. {main}() /home/ubuntu/workspace/cst336/labs/final/index.php:0
[22-Jul-2018 21:53:05 UTC] PHP Warning:  Illegal string offset 'action_image_url' in /home/ubuntu/workspace/cst336/labs/final/index.php on line 52
[22-Jul-2018 21:53:05 UTC] PHP Stack trace:
[22-Jul-2018 21:53:05 UTC] PHP   1. {main}() /home/ubuntu/workspace/cst336/labs/final/index.php:0
[22-Jul-2018 21:53:05 UTC] PHP Warning:  Illegal string offset 's.name' in /home/ubuntu/workspace/cst336/labs/final/index.php on line 43
[22-Jul-2018 21:53:05 UTC] PHP Stack trace:
[22-Jul-2018 21:53:05 UTC] PHP   1. {main}() /home/ubuntu/workspace/cst336/labs/final/index.php:0
[22-Jul-2018 21:53:05 UTC] PHP Warning:  Illegal string offset 'make' in /home/ubuntu/workspace/cst336/labs/final/index.php on line 44
[22-Jul-2018 21:53:05 UTC] PHP Stack trace:
[22-Jul-2018 21:53:05 UTC] PHP   1. {main}() /home/ubuntu/workspace/cst336/labs/final/index.php:0
[22-Jul-2018 21:53:05 UTC] PHP Warning:  Illegal string offset 'model' in /home/ubuntu/workspace/cst336/labs/final/index.php on line 45
[22-Jul-2018 21:53:05 UTC] PHP Stack trace:
[22-Jul-2018 21:53:05 UTC] PHP   1. {main}() /home/ubuntu/workspace/cst336/labs/final/index.php:0
[22-Jul-2018 21:53:05 UTC] PHP Warning:  Illegal string offset 'make' in /home/ubuntu/workspace/cst336/labs/final/index.php on line 46
[22-Jul-2018 21:53:05 UTC] PHP Stack trace:
[22-Jul-2018 21:53:05 UTC] PHP   1. {main}() /home/ubuntu/workspace/cst336/labs/final/index.php:0
[22-Jul-2018 21:53:05 UTC] PHP Warning:  Illegal string offset 'i.ship_condition' in /home/ubuntu/workspace/cst336/labs/final/index.php on line 47
[22-Jul-2018 21:53:05 UTC] PHP Stack trace:
[22-Jul-2018 21:53:05 UTC] PHP   1. {main}() /home/ubuntu/workspace/cst336/labs/final/index.php:0
[22-Jul-2018 21:53:05 UTC] PHP Warning:  Illegal string offset 'long_description' in /home/ubuntu/workspace/cst336/labs/final/index.php on line 48
[22-Jul-2018 21:53:05 UTC] PHP Stack trace:
[22-Jul-2018 21:53:05 UTC] PHP   1. {main}() /home/ubuntu/workspace/cst336/labs/final/index.php:0
[22-Jul-2018 21:53:05 UTC] PHP Warning:  Illegal string offset 'cost' in /home/ubuntu/workspace/cst336/labs/final/index.php on line 49
[22-Jul-2018 21:53:05 UTC] PHP Stack trace:
[22-Jul-2018 21:53:05 UTC] PHP   1. {main}() /home/ubuntu/workspace/cst336/labs/final/index.php:0
[22-Jul-2018 21:53:05 UTC] PHP Warning:  Illegal string offset 'i.year_of_production' in /home/ubuntu/workspace/cst336/labs/final/index.php on line 50
[22-Jul-2018 21:53:05 UTC] PHP Stack trace:
[22-Jul-2018 21:53:05 UTC] PHP   1. {main}() /home/ubuntu/workspace/cst336/labs/final/index.php:0
[22-Jul-2018 21:53:05 UTC] PHP Warning:  Illegal string offset 'image_url' in /home/ubuntu/workspace/cst336/labs/final/index.php on line 51
[22-Jul-2018 21:53:05 UTC] PHP Stack trace:
[22-Jul-2018 21:53:05 UTC] PHP   1. {main}() /home/ubuntu/workspace/cst336/labs/final/index.php:0
[22-Jul-2018 21:53:05 UTC] PHP Warning:  Illegal string offset 'action_image_url' in /home/ubuntu/workspace/cst336/labs/final/index.php on line 52
[22-Jul-2018 21:53:05 UTC] PHP Stack trace:
[22-Jul-2018 21:53:05 UTC] PHP   1. {main}() /home/ubuntu/workspace/cst336/labs/final/index.php:0
[22-Jul-2018 21:53:05 UTC] PHP Warning:  Illegal string offset 's.name' in /home/ubuntu/workspace/cst336/labs/final/index.php on line 43
[22-Jul-2018 21:53:05 UTC] PHP Stack trace:
[22-Jul-2018 21:53:05 UTC] PHP   1. {main}() /home/ubuntu/workspace/cst336/labs/final/index.php:0
[22-Jul-2018 21:53:05 UTC] PHP Warning:  Illegal string offset 'make' in /home/ubuntu/workspace/cst336/labs/final/index.php on line 44
[22-Jul-2018 21:53:05 UTC] PHP Stack trace:
[22-Jul-2018 21:53:05 UTC] PHP   1. {main}() /home/ubuntu/workspace/cst336/labs/final/index.php:0
[22-Jul-2018 21:53:05 UTC] PHP Warning:  Illegal string offset 'model' in /home/ubuntu/workspace/cst336/labs/final/index.php on line 45
[22-Jul-2018 21:53:05 UTC] PHP Stack trace:
[22-Jul-2018 21:53:05 UTC] PHP   1. {main}() /home/ubuntu/workspace/cst336/labs/final/index.php:0
[22-Jul-2018 21:53:05 UTC] PHP Warning:  Illegal string offset 'make' in /home/ubuntu/workspace/cst336/labs/final/index.php on line 46
[22-Jul-2018 21:53:05 UTC] PHP Stack trace:
[22-Jul-2018 21:53:05 UTC] PHP   1. {main}() /home/ubuntu/workspace/cst336/labs/final/index.php:0
[22-Jul-2018 21:53:05 UTC] PHP Warning:  Illegal string offset 'i.ship_condition' in /home/ubuntu/workspace/cst336/labs/final/index.php on line 47
[22-Jul-2018 21:53:05 UTC] PHP Stack trace:
[22-Jul-2018 21:53:05 UTC] PHP   1. {main}() /home/ubuntu/workspace/cst336/labs/final/index.php:0
[22-Jul-2018 21:53:05 UTC] PHP Warning:  Illegal string offset 'long_description' in /home/ubuntu/workspace/cst336/labs/final/index.php on line 48
[22-Jul-2018 21:53:05 UTC] PHP Stack trace:
[22-Jul-2018 21:53:05 UTC] PHP   1. {main}() /home/ubuntu/workspace/cst336/labs/final/index.php:0
[22-Jul-2018 21:53:05 UTC] PHP Warning:  Illegal string offset 'cost' in /home/ubuntu/workspace/cst336/labs/final/index.php on line 49
[22-Jul-2018 21:53:05 UTC] PHP Stack trace:
[22-Jul-2018 21:53:05 UTC] PHP   1. {main}() /home/ubuntu/workspace/cst336/labs/final/index.php:0
[22-Jul-2018 21:53:05 UTC] PHP Warning:  Illegal string offset 'i.year_of_production' in /home/ubuntu/workspace/cst336/labs/final/index.php on line 50
[22-Jul-2018 21:53:05 UTC] PHP Stack trace:
[22-Jul-2018 21:53:05 UTC] PHP   1. {main}() /home/ubuntu/workspace/cst336/labs/final/index.php:0
[22-Jul-2018 21:53:05 UTC] PHP Warning:  Illegal string offset 'image_url' in /home/ubuntu/workspace/cst336/labs/final/index.php on line 51
[22-Jul-2018 21:53:05 UTC] PHP Stack trace:
[22-Jul-2018 21:53:05 UTC] PHP   1. {main}() /home/ubuntu/workspace/cst336/labs/final/index.php:0
[22-Jul-2018 21:53:05 UTC] PHP Warning:  Illegal string offset 'action_image_url' in /home/ubuntu/workspace/cst336/labs/final/index.php on line 52
[22-Jul-2018 21:53:05 UTC] PHP Stack trace:
[22-Jul-2018 21:53:05 UTC] PHP   1. {main}() /home/ubuntu/workspace/cst336/labs/final/index.php:0
[22-Jul-2018 21:53:05 UTC] PHP Warning:  Illegal string offset 's.name' in /home/ubuntu/workspace/cst336/labs/final/index.php on line 43
[22-Jul-2018 21:53:05 UTC] PHP Stack trace:
[22-Jul-2018 21:53:05 UTC] PHP   1. {main}() /home/ubuntu/workspace/cst336/labs/final/index.php:0
[22-Jul-2018 21:53:05 UTC] PHP Warning:  Illegal string offset 'make' in /home/ubuntu/workspace/cst336/labs/final/index.php on line 44
[22-Jul-2018 21:53:05 UTC] PHP Stack trace:
[22-Jul-2018 21:53:05 UTC] PHP   1. {main}() /home/ubuntu/workspace/cst336/labs/final/index.php:0
[22-Jul-2018 21:53:05 UTC] PHP Warning:  Illegal string offset 'model' in /home/ubuntu/workspace/cst336/labs/final/index.php on line 45
[22-Jul-2018 21:53:05 UTC] PHP Stack trace:
[22-Jul-2018 21:53:05 UTC] PHP   1. {main}() /home/ubuntu/workspace/cst336/labs/final/index.php:0
[22-Jul-2018 21:53:05 UTC] PHP Warning:  Illegal string offset 'make' in /home/ubuntu/workspace/cst336/labs/final/index.php on line 46
[22-Jul-2018 21:53:05 UTC] PHP Stack trace:
[22-Jul-2018 21:53:05 UTC] PHP   1. {main}() /home/ubuntu/workspace/cst336/labs/final/index.php:0
[22-Jul-2018 21:53:05 UTC] PHP Warning:  Illegal string offset 'i.ship_condition' in /home/ubuntu/workspace/cst336/labs/final/index.php on line 47
[22-Jul-2018 21:53:05 UTC] PHP Stack trace:
[22-Jul-2018 21:53:05 UTC] PHP   1. {main}() /home/ubuntu/workspace/cst336/labs/final/index.php:0
[22-Jul-2018 21:53:05 UTC] PHP Warning:  Illegal string offset 'long_description' in /home/ubuntu/workspace/cst336/labs/final/index.php on line 48
[22-Jul-2018 21:53:05 UTC] PHP Stack trace:
[22-Jul-2018 21:53:05 UTC] PHP   1. {main}() /home/ubuntu/workspace/cst336/labs/final/index.php:0
[22-Jul-2018 21:53:05 UTC] PHP Warning:  Illegal string offset 'cost' in /home/ubuntu/workspace/cst336/labs/final/index.php on line 49
[22-Jul-2018 21:53:05 UTC] PHP Stack trace:
[22-Jul-2018 21:53:05 UTC] PHP   1. {main}() /home/ubuntu/workspace/cst336/labs/final/index.php:0
[22-Jul-2018 21:53:05 UTC] PHP Warning:  Illegal string offset 'i.year_of_production' in /home/ubuntu/workspace/cst336/labs/final/index.php on line 50
[22-Jul-2018 21:53:05 UTC] PHP Stack trace:
[22-Jul-2018 21:53:05 UTC] PHP   1. {main}() /home/ubuntu/workspace/cst336/labs/final/index.php:0
[22-Jul-2018 21:53:05 UTC] PHP Warning:  Illegal string offset 'image_url' in /home/ubuntu/workspace/cst336/labs/final/index.php on line 51
[22-Jul-2018 21:53:05 UTC] PHP Stack trace:
[22-Jul-2018 21:53:05 UTC] PHP   1. {main}() /home/ubuntu/workspace/cst336/labs/final/index.php:0
[22-Jul-2018 21:53:05 UTC] PHP Warning:  Illegal string offset 'action_image_url' in /home/ubuntu/workspace/cst336/labs/final/index.php on line 52
[22-Jul-2018 21:53:05 UTC] PHP Stack trace:
[22-Jul-2018 21:53:05 UTC] PHP   1. {main}() /home/ubuntu/workspace/cst336/labs/final/index.php:0
[22-Jul-2018 21:53:05 UTC] PHP Warning:  Illegal string offset 's.name' in /home/ubuntu/workspace/cst336/labs/final/index.php on line 43
[22-Jul-2018 21:53:05 UTC] PHP Stack trace:
[22-Jul-2018 21:53:05 UTC] PHP   1. {main}() /home/ubuntu/workspace/cst336/labs/final/index.php:0
[22-Jul-2018 21:53:05 UTC] PHP Warning:  Illegal string offset 'make' in /home/ubuntu/workspace/cst336/labs/final/index.php on line 44
[22-Jul-2018 21:53:05 UTC] PHP Stack trace:
[22-Jul-2018 21:53:05 UTC] PHP   1. {main}() /home/ubuntu/workspace/cst336/labs/final/index.php:0
[22-Jul-2018 21:53:05 UTC] PHP Warning:  Illegal string offset 'model' in /home/ubuntu/workspace/cst336/labs/final/index.php on line 45
[22-Jul-2018 21:53:05 UTC] PHP Stack trace:
[22-Jul-2018 21:53:05 UTC] PHP   1. {main}() /home/ubuntu/workspace/cst336/labs/final/index.php:0
[22-Jul-2018 21:53:05 UTC] PHP Warning:  Illegal string offset 'make' in /home/ubuntu/workspace/cst336/labs/final/index.php on line 46
[22-Jul-2018 21:53:05 UTC] PHP Stack trace:
[22-Jul-2018 21:53:05 UTC] PHP   1. {main}() /home/ubuntu/workspace/cst336/labs/final/index.php:0
[22-Jul-2018 21:53:05 UTC] PHP Warning:  Illegal string offset 'i.ship_condition' in /home/ubuntu/workspace/cst336/labs/final/index.php on line 47
[22-Jul-2018 21:53:05 UTC] PHP Stack trace:
[22-Jul-2018 21:53:05 UTC] PHP   1. {main}() /home/ubuntu/workspace/cst336/labs/final/index.php:0
[22-Jul-2018 21:53:05 UTC] PHP Warning:  Illegal string offset 'long_description' in /home/ubuntu/workspace/cst336/labs/final/index.php on line 48
[22-Jul-2018 21:53:05 UTC] PHP Stack trace:
[22-Jul-2018 21:53:05 UTC] PHP   1. {main}() /home/ubuntu/workspace/cst336/labs/final/index.php:0
[22-Jul-2018 21:53:05 UTC] PHP Warning:  Illegal string offset 'cost' in /home/ubuntu/workspace/cst336/labs/final/index.php on line 49
[22-Jul-2018 21:53:05 UTC] PHP Stack trace:
[22-Jul-2018 21:53:05 UTC] PHP   1. {main}() /home/ubuntu/workspace/cst336/labs/final/index.php:0
[22-Jul-2018 21:53:05 UTC] PHP Warning:  Illegal string offset 'i.year_of_production' in /home/ubuntu/workspace/cst336/labs/final/index.php on line 50
[22-Jul-2018 21:53:05 UTC] PHP Stack trace:
[22-Jul-2018 21:53:05 UTC] PHP   1. {main}() /home/ubuntu/workspace/cst336/labs/final/index.php:0
[22-Jul-2018 21:53:05 UTC] PHP Warning:  Illegal string offset 'image_url' in /home/ubuntu/workspace/cst336/labs/final/index.php on line 51
[22-Jul-2018 21:53:05 UTC] PHP Stack trace:
[22-Jul-2018 21:53:05 UTC] PHP   1. {main}() /home/ubuntu/workspace/cst336/labs/final/index.php:0
[22-Jul-2018 21:53:05 UTC] PHP Warning:  Illegal string offset 'action_image_url' in /home/ubuntu/workspace/cst336/labs/final/index.php on line 52
[22-Jul-2018 21:53:05 UTC] PHP Stack trace:
[22-Jul-2018 21:53:05 UTC] PHP   1. {main}() /home/ubuntu/workspace/cst336/labs/final/index.php:0
[22-Jul-2018 21:53:05 UTC] PHP Warning:  Illegal string offset 's.name' in /home/ubuntu/workspace/cst336/labs/final/index.php on line 43
[22-Jul-2018 21:53:05 UTC] PHP Stack trace:
[22-Jul-2018 21:53:05 UTC] PHP   1. {main}() /home/ubuntu/workspace/cst336/labs/final/index.php:0
[22-Jul-2018 21:53:05 UTC] PHP Warning:  Illegal string offset 'make' in /home/ubuntu/workspace/cst336/labs/final/index.php on line 44
[22-Jul-2018 21:53:05 UTC] PHP Stack trace:
[22-Jul-2018 21:53:05 UTC] PHP   1. {main}() /home/ubuntu/workspace/cst336/labs/final/index.php:0
[22-Jul-2018 21:53:05 UTC] PHP Warning:  Illegal string offset 'model' in /home/ubuntu/workspace/cst336/labs/final/index.php on line 45
[22-Jul-2018 21:53:05 UTC] PHP Stack trace:
[22-Jul-2018 21:53:05 UTC] PHP   1. {main}() /home/ubuntu/workspace/cst336/labs/final/index.php:0
[22-Jul-2018 21:53:05 UTC] PHP Warning:  Illegal string offset 'make' in /home/ubuntu/workspace/cst336/labs/final/index.php on line 46
[22-Jul-2018 21:53:05 UTC] PHP Stack trace:
[22-Jul-2018 21:53:05 UTC] PHP   1. {main}() /home/ubuntu/workspace/cst336/labs/final/index.php:0
[22-Jul-2018 21:53:05 UTC] PHP Warning:  Illegal string offset 'i.ship_condition' in /home/ubuntu/workspace/cst336/labs/final/index.php on line 47
[22-Jul-2018 21:53:05 UTC] PHP Stack trace:
[22-Jul-2018 21:53:05 UTC] PHP   1. {main}() /home/ubuntu/workspace/cst336/labs/final/index.php:0
[22-Jul-2018 21:53:05 UTC] PHP Warning:  Illegal string offset 'long_description' in /home/ubuntu/workspace/cst336/labs/final/index.php on line 48
[22-Jul-2018 21:53:05 UTC] PHP Stack trace:
[22-Jul-2018 21:53:05 UTC] PHP   1. {main}() /home/ubuntu/workspace/cst336/labs/final/index.php:0
[22-Jul-2018 21:53:05 UTC] PHP Warning:  Illegal string offset 'cost' in /home/ubuntu/workspace/cst336/labs/final/index.php on line 49
[22-Jul-2018 21:53:05 UTC] PHP Stack trace:
[22-Jul-2018 21:53:05 UTC] PHP   1. {main}() /home/ubuntu/workspace/cst336/labs/final/index.php:0
[22-Jul-2018 21:53:05 UTC] PHP Warning:  Illegal string offset 'i.year_of_production' in /home/ubuntu/workspace/cst336/labs/final/index.php on line 50
[22-Jul-2018 21:53:05 UTC] PHP Stack trace:
[22-Jul-2018 21:53:05 UTC] PHP   1. {main}() /home/ubuntu/workspace/cst336/labs/final/index.php:0
[22-Jul-2018 21:53:05 UTC] PHP Warning:  Illegal string offset 'image_url' in /home/ubuntu/workspace/cst336/labs/final/index.php on line 51
[22-Jul-2018 21:53:05 UTC] PHP Stack trace:
[22-Jul-2018 21:53:05 UTC] PHP   1. {main}() /home/ubuntu/workspace/cst336/labs/final/index.php:0
[22-Jul-2018 21:53:05 UTC] PHP Warning:  Illegal string offset 'action_image_url' in /home/ubuntu/workspace/cst336/labs/final/index.php on line 52
[22-Jul-2018 21:53:05 UTC] PHP Stack trace:
[22-Jul-2018 21:53:05 UTC] PHP   1. {main}() /home/ubuntu/workspace/cst336/labs/final/index.php:0
[22-Jul-2018 21:54:12 UTC] PHP Warning:  Illegal string offset 'name' in /home/ubuntu/workspace/cst336/labs/final/index.php on line 43
[22-Jul-2018 21:54:12 UTC] PHP Stack trace:
[22-Jul-2018 21:54:12 UTC] PHP   1. {main}() /home/ubuntu/workspace/cst336/labs/final/index.php:0
[22-Jul-2018 21:54:12 UTC] PHP Warning:  Illegal string offset 'make' in /home/ubuntu/workspace/cst336/labs/final/index.php on line 44
[22-Jul-2018 21:54:12 UTC] PHP Stack trace:
[22-Jul-2018 21:54:12 UTC] PHP   1. {main}() /home/ubuntu/workspace/cst336/labs/final/index.php:0
[22-Jul-2018 21:54:12 UTC] PHP Warning:  Illegal string offset 'model' in /home/ubuntu/workspace/cst336/labs/final/index.php on line 45
[22-Jul-2018 21:54:12 UTC] PHP Stack trace:
[22-Jul-2018 21:54:12 UTC] PHP   1. {main}() /home/ubuntu/workspace/cst336/labs/final/index.php:0
[22-Jul-2018 21:54:12 UTC] PHP Warning:  Illegal string offset 'make' in /home/ubuntu/workspace/cst336/labs/final/index.php on line 46
[22-Jul-2018 21:54:12 UTC] PHP Stack trace:
[22-Jul-2018 21:54:12 UTC] PHP   1. {main}() /home/ubuntu/workspace/cst336/labs/final/index.php:0
[22-Jul-2018 21:54:12 UTC] PHP Warning:  Illegal string offset 'ship_condition' in /home/ubuntu/workspace/cst336/labs/final/index.php on line 47
[22-Jul-2018 21:54:12 UTC] PHP Stack trace:
[22-Jul-2018 21:54:12 UTC] PHP   1. {main}() /home/ubuntu/workspace/cst336/labs/final/index.php:0
[22-Jul-2018 21:54:12 UTC] PHP Warning:  Illegal string offset 'long_description' in /home/ubuntu/workspace/cst336/labs/final/index.php on line 48
[22-Jul-2018 21:54:12 UTC] PHP Stack trace:
[22-Jul-2018 21:54:12 UTC] PHP   1. {main}() /home/ubuntu/workspace/cst336/labs/final/index.php:0
[22-Jul-2018 21:54:12 UTC] PHP Warning:  Illegal string offset 'cost' in /home/ubuntu/workspace/cst336/labs/final/index.php on line 49
[22-Jul-2018 21:54:12 UTC] PHP Stack trace:
[22-Jul-2018 21:54:12 UTC] PHP   1. {main}() /home/ubuntu/workspace/cst336/labs/final/index.php:0
[22-Jul-2018 21:54:12 UTC] PHP Warning:  Illegal string offset 'year_of_production' in /home/ubuntu/workspace/cst336/labs/final/index.php on line 50
[22-Jul-2018 21:54:12 UTC] PHP Stack trace:
[22-Jul-2018 21:54:12 UTC] PHP   1. {main}() /home/ubuntu/workspace/cst336/labs/final/index.php:0
[22-Jul-2018 21:54:12 UTC] PHP Warning:  Illegal string offset 'image_url' in /home/ubuntu/workspace/cst336/labs/final/index.php on line 51
[22-Jul-2018 21:54:12 UTC] PHP Stack trace:
[22-Jul-2018 21:54:12 UTC] PHP   1. {main}() /home/ubuntu/workspace/cst336/labs/final/index.php:0
[22-Jul-2018 21:54:12 UTC] PHP Warning:  Illegal string offset 'action_image_url' in /home/ubuntu/workspace/cst336/labs/final/index.php on line 52
[22-Jul-2018 21:54:12 UTC] PHP Stack trace:
[22-Jul-2018 21:54:12 UTC] PHP   1. {main}() /home/ubuntu/workspace/cst336/labs/final/index.php:0
[22-Jul-2018 21:54:12 UTC] PHP Warning:  Illegal string offset 'name' in /home/ubuntu/workspace/cst336/labs/final/index.php on line 43
[22-Jul-2018 21:54:12 UTC] PHP Stack trace:
[22-Jul-2018 21:54:12 UTC] PHP   1. {main}() /home/ubuntu/workspace/cst336/labs/final/index.php:0
[22-Jul-2018 21:54:12 UTC] PHP Warning:  Illegal string offset 'make' in /home/ubuntu/workspace/cst336/labs/final/index.php on line 44
[22-Jul-2018 21:54:12 UTC] PHP Stack trace:
[22-Jul-2018 21:54:12 UTC] PHP   1. {main}() /home/ubuntu/workspace/cst336/labs/final/index.php:0
[22-Jul-2018 21:54:12 UTC] PHP Warning:  Illegal string offset 'model' in /home/ubuntu/workspace/cst336/labs/final/index.php on line 45
[22-Jul-2018 21:54:12 UTC] PHP Stack trace:
[22-Jul-2018 21:54:12 UTC] PHP   1. {main}() /home/ubuntu/workspace/cst336/labs/final/index.php:0
[22-Jul-2018 21:54:12 UTC] PHP Warning:  Illegal string offset 'make' in /home/ubuntu/workspace/cst336/labs/final/index.php on line 46
[22-Jul-2018 21:54:12 UTC] PHP Stack trace:
[22-Jul-2018 21:54:12 UTC] PHP   1. {main}() /home/ubuntu/workspace/cst336/labs/final/index.php:0
[22-Jul-2018 21:54:12 UTC] PHP Warning:  Illegal string offset 'ship_condition' in /home/ubuntu/workspace/cst336/labs/final/index.php on line 47
[22-Jul-2018 21:54:12 UTC] PHP Stack trace:
[22-Jul-2018 21:54:12 UTC] PHP   1. {main}() /home/ubuntu/workspace/cst336/labs/final/index.php:0
[22-Jul-2018 21:54:12 UTC] PHP Warning:  Illegal string offset 'long_description' in /home/ubuntu/workspace/cst336/labs/final/index.php on line 48
[22-Jul-2018 21:54:12 UTC] PHP Stack trace:
[22-Jul-2018 21:54:12 UTC] PHP   1. {main}() /home/ubuntu/workspace/cst336/labs/final/index.php:0
[22-Jul-2018 21:54:12 UTC] PHP Warning:  Illegal string offset 'cost' in /home/ubuntu/workspace/cst336/labs/final/index.php on line 49
[22-Jul-2018 21:54:12 UTC] PHP Stack trace:
[22-Jul-2018 21:54:12 UTC] PHP   1. {main}() /home/ubuntu/workspace/cst336/labs/final/index.php:0
[22-Jul-2018 21:54:12 UTC] PHP Warning:  Illegal string offset 'year_of_production' in /home/ubuntu/workspace/cst336/labs/final/index.php on line 50
[22-Jul-2018 21:54:12 UTC] PHP Stack trace:
[22-Jul-2018 21:54:12 UTC] PHP   1. {main}() /home/ubuntu/workspace/cst336/labs/final/index.php:0
[22-Jul-2018 21:54:12 UTC] PHP Warning:  Illegal string offset 'image_url' in /home/ubuntu/workspace/cst336/labs/final/index.php on line 51
[22-Jul-2018 21:54:12 UTC] PHP Stack trace:
[22-Jul-2018 21:54:12 UTC] PHP   1. {main}() /home/ubuntu/workspace/cst336/labs/final/index.php:0
[22-Jul-2018 21:54:12 UTC] PHP Warning:  Illegal string offset 'action_image_url' in /home/ubuntu/workspace/cst336/labs/final/index.php on line 52
[22-Jul-2018 21:54:12 UTC] PHP Stack trace:
[22-Jul-2018 21:54:12 UTC] PHP   1. {main}() /home/ubuntu/workspace/cst336/labs/final/index.php:0
[22-Jul-2018 21:54:12 UTC] PHP Warning:  Illegal string offset 'name' in /home/ubuntu/workspace/cst336/labs/final/index.php on line 43
[22-Jul-2018 21:54:12 UTC] PHP Stack trace:
[22-Jul-2018 21:54:12 UTC] PHP   1. {main}() /home/ubuntu/workspace/cst336/labs/final/index.php:0
[22-Jul-2018 21:54:12 UTC] PHP Warning:  Illegal string offset 'make' in /home/ubuntu/workspace/cst336/labs/final/index.php on line 44
[22-Jul-2018 21:54:12 UTC] PHP Stack trace:
[22-Jul-2018 21:54:12 UTC] PHP   1. {main}() /home/ubuntu/workspace/cst336/labs/final/index.php:0
[22-Jul-2018 21:54:12 UTC] PHP Warning:  Illegal string offset 'model' in /home/ubuntu/workspace/cst336/labs/final/index.php on line 45
[22-Jul-2018 21:54:12 UTC] PHP Stack trace:
[22-Jul-2018 21:54:12 UTC] PHP   1. {main}() /home/ubuntu/workspace/cst336/labs/final/index.php:0
[22-Jul-2018 21:54:12 UTC] PHP Warning:  Illegal string offset 'make' in /home/ubuntu/workspace/cst336/labs/final/index.php on line 46
[22-Jul-2018 21:54:12 UTC] PHP Stack trace:
[22-Jul-2018 21:54:12 UTC] PHP   1. {main}() /home/ubuntu/workspace/cst336/labs/final/index.php:0
[22-Jul-2018 21:54:12 UTC] PHP Warning:  Illegal string offset 'ship_condition' in /home/ubuntu/workspace/cst336/labs/final/index.php on line 47
[22-Jul-2018 21:54:12 UTC] PHP Stack trace:
[22-Jul-2018 21:54:12 UTC] PHP   1. {main}() /home/ubuntu/workspace/cst336/labs/final/index.php:0
[22-Jul-2018 21:54:12 UTC] PHP Warning:  Illegal string offset 'long_description' in /home/ubuntu/workspace/cst336/labs/final/index.php on line 48
[22-Jul-2018 21:54:12 UTC] PHP Stack trace:
[22-Jul-2018 21:54:12 UTC] PHP   1. {main}() /home/ubuntu/workspace/cst336/labs/final/index.php:0
[22-Jul-2018 21:54:12 UTC] PHP Warning:  Illegal string offset 'cost' in /home/ubuntu/workspace/cst336/labs/final/index.php on line 49
[22-Jul-2018 21:54:12 UTC] PHP Stack trace:
[22-Jul-2018 21:54:12 UTC] PHP   1. {main}() /home/ubuntu/workspace/cst336/labs/final/index.php:0
[22-Jul-2018 21:54:12 UTC] PHP Warning:  Illegal string offset 'year_of_production' in /home/ubuntu/workspace/cst336/labs/final/index.php on line 50
[22-Jul-2018 21:54:12 UTC] PHP Stack trace:
[22-Jul-2018 21:54:12 UTC] PHP   1. {main}() /home/ubuntu/workspace/cst336/labs/final/index.php:0
[22-Jul-2018 21:54:12 UTC] PHP Warning:  Illegal string offset 'image_url' in /home/ubuntu/workspace/cst336/labs/final/index.php on line 51
[22-Jul-2018 21:54:12 UTC] PHP Stack trace:
[22-Jul-2018 21:54:12 UTC] PHP   1. {main}() /home/ubuntu/workspace/cst336/labs/final/index.php:0
[22-Jul-2018 21:54:12 UTC] PHP Warning:  Illegal string offset 'action_image_url' in /home/ubuntu/workspace/cst336/labs/final/index.php on line 52
[22-Jul-2018 21:54:12 UTC] PHP Stack trace:
[22-Jul-2018 21:54:12 UTC] PHP   1. {main}() /home/ubuntu/workspace/cst336/labs/final/index.php:0
[22-Jul-2018 21:54:12 UTC] PHP Warning:  Illegal string offset 'name' in /home/ubuntu/workspace/cst336/labs/final/index.php on line 43
[22-Jul-2018 21:54:12 UTC] PHP Stack trace:
[22-Jul-2018 21:54:12 UTC] PHP   1. {main}() /home/ubuntu/workspace/cst336/labs/final/index.php:0
[22-Jul-2018 21:54:12 UTC] PHP Warning:  Illegal string offset 'make' in /home/ubuntu/workspace/cst336/labs/final/index.php on line 44
[22-Jul-2018 21:54:12 UTC] PHP Stack trace:
[22-Jul-2018 21:54:12 UTC] PHP   1. {main}() /home/ubuntu/workspace/cst336/labs/final/index.php:0
[22-Jul-2018 21:54:12 UTC] PHP Warning:  Illegal string offset 'model' in /home/ubuntu/workspace/cst336/labs/final/index.php on line 45
[22-Jul-2018 21:54:12 UTC] PHP Stack trace:
[22-Jul-2018 21:54:12 UTC] PHP   1. {main}() /home/ubuntu/workspace/cst336/labs/final/index.php:0
[22-Jul-2018 21:54:12 UTC] PHP Warning:  Illegal string offset 'make' in /home/ubuntu/workspace/cst336/labs/final/index.php on line 46
[22-Jul-2018 21:54:12 UTC] PHP Stack trace:
[22-Jul-2018 21:54:12 UTC] PHP   1. {main}() /home/ubuntu/workspace/cst336/labs/final/index.php:0
[22-Jul-2018 21:54:12 UTC] PHP Warning:  Illegal string offset 'ship_condition' in /home/ubuntu/workspace/cst336/labs/final/index.php on line 47
[22-Jul-2018 21:54:12 UTC] PHP Stack trace:
[22-Jul-2018 21:54:12 UTC] PHP   1. {main}() /home/ubuntu/workspace/cst336/labs/final/index.php:0
[22-Jul-2018 21:54:12 UTC] PHP Warning:  Illegal string offset 'long_description' in /home/ubuntu/workspace/cst336/labs/final/index.php on line 48
[22-Jul-2018 21:54:12 UTC] PHP Stack trace:
[22-Jul-2018 21:54:12 UTC] PHP   1. {main}() /home/ubuntu/workspace/cst336/labs/final/index.php:0
[22-Jul-2018 21:54:12 UTC] PHP Warning:  Illegal string offset 'cost' in /home/ubuntu/workspace/cst336/labs/final/index.php on line 49
[22-Jul-2018 21:54:12 UTC] PHP Stack trace:
[22-Jul-2018 21:54:12 UTC] PHP   1. {main}() /home/ubuntu/workspace/cst336/labs/final/index.php:0
[22-Jul-2018 21:54:12 UTC] PHP Warning:  Illegal string offset 'year_of_production' in /home/ubuntu/workspace/cst336/labs/final/index.php on line 50
[22-Jul-2018 21:54:12 UTC] PHP Stack trace:
[22-Jul-2018 21:54:12 UTC] PHP   1. {main}() /home/ubuntu/workspace/cst336/labs/final/index.php:0
[22-Jul-2018 21:54:12 UTC] PHP Warning:  Illegal string offset 'image_url' in /home/ubuntu/workspace/cst336/labs/final/index.php on line 51
[22-Jul-2018 21:54:12 UTC] PHP Stack trace:
[22-Jul-2018 21:54:12 UTC] PHP   1. {main}() /home/ubuntu/workspace/cst336/labs/final/index.php:0
[22-Jul-2018 21:54:12 UTC] PHP Warning:  Illegal string offset 'action_image_url' in /home/ubuntu/workspace/cst336/labs/final/index.php on line 52
[22-Jul-2018 21:54:12 UTC] PHP Stack trace:
[22-Jul-2018 21:54:12 UTC] PHP   1. {main}() /home/ubuntu/workspace/cst336/labs/final/index.php:0
[22-Jul-2018 21:54:12 UTC] PHP Warning:  Illegal string offset 'name' in /home/ubuntu/workspace/cst336/labs/final/index.php on line 43
[22-Jul-2018 21:54:12 UTC] PHP Stack trace:
[22-Jul-2018 21:54:12 UTC] PHP   1. {main}() /home/ubuntu/workspace/cst336/labs/final/index.php:0
[22-Jul-2018 21:54:12 UTC] PHP Warning:  Illegal string offset 'make' in /home/ubuntu/workspace/cst336/labs/final/index.php on line 44
[22-Jul-2018 21:54:12 UTC] PHP Stack trace:
[22-Jul-2018 21:54:12 UTC] PHP   1. {main}() /home/ubuntu/workspace/cst336/labs/final/index.php:0
[22-Jul-2018 21:54:12 UTC] PHP Warning:  Illegal string offset 'model' in /home/ubuntu/workspace/cst336/labs/final/index.php on line 45
[22-Jul-2018 21:54:12 UTC] PHP Stack trace:
[22-Jul-2018 21:54:12 UTC] PHP   1. {main}() /home/ubuntu/workspace/cst336/labs/final/index.php:0
[22-Jul-2018 21:54:12 UTC] PHP Warning:  Illegal string offset 'make' in /home/ubuntu/workspace/cst336/labs/final/index.php on line 46
[22-Jul-2018 21:54:12 UTC] PHP Stack trace:
[22-Jul-2018 21:54:12 UTC] PHP   1. {main}() /home/ubuntu/workspace/cst336/labs/final/index.php:0
[22-Jul-2018 21:54:12 UTC] PHP Warning:  Illegal string offset 'ship_condition' in /home/ubuntu/workspace/cst336/labs/final/index.php on line 47
[22-Jul-2018 21:54:12 UTC] PHP Stack trace:
[22-Jul-2018 21:54:12 UTC] PHP   1. {main}() /home/ubuntu/workspace/cst336/labs/final/index.php:0
[22-Jul-2018 21:54:12 UTC] PHP Warning:  Illegal string offset 'long_description' in /home/ubuntu/workspace/cst336/labs/final/index.php on line 48
[22-Jul-2018 21:54:12 UTC] PHP Stack trace:
[22-Jul-2018 21:54:12 UTC] PHP   1. {main}() /home/ubuntu/workspace/cst336/labs/final/index.php:0
[22-Jul-2018 21:54:12 UTC] PHP Warning:  Illegal string offset 'cost' in /home/ubuntu/workspace/cst336/labs/final/index.php on line 49
[22-Jul-2018 21:54:12 UTC] PHP Stack trace:
[22-Jul-2018 21:54:12 UTC] PHP   1. {main}() /home/ubuntu/workspace/cst336/labs/final/index.php:0
[22-Jul-2018 21:54:12 UTC] PHP Warning:  Illegal string offset 'year_of_production' in /home/ubuntu/workspace/cst336/labs/final/index.php on line 50
[22-Jul-2018 21:54:12 UTC] PHP Stack trace:
[22-Jul-2018 21:54:12 UTC] PHP   1. {main}() /home/ubuntu/workspace/cst336/labs/final/index.php:0
[22-Jul-2018 21:54:12 UTC] PHP Warning:  Illegal string offset 'image_url' in /home/ubuntu/workspace/cst336/labs/final/index.php on line 51
[22-Jul-2018 21:54:12 UTC] PHP Stack trace:
[22-Jul-2018 21:54:12 UTC] PHP   1. {main}() /home/ubuntu/workspace/cst336/labs/final/index.php:0
[22-Jul-2018 21:54:12 UTC] PHP Warning:  Illegal string offset 'action_image_url' in /home/ubuntu/workspace/cst336/labs/final/index.php on line 52
[22-Jul-2018 21:54:12 UTC] PHP Stack trace:
[22-Jul-2018 21:54:12 UTC] PHP   1. {main}() /home/ubuntu/workspace/cst336/labs/final/index.php:0
[22-Jul-2018 21:54:12 UTC] PHP Warning:  Illegal string offset 'name' in /home/ubuntu/workspace/cst336/labs/final/index.php on line 43
[22-Jul-2018 21:54:12 UTC] PHP Stack trace:
[22-Jul-2018 21:54:12 UTC] PHP   1. {main}() /home/ubuntu/workspace/cst336/labs/final/index.php:0
[22-Jul-2018 21:54:12 UTC] PHP Warning:  Illegal string offset 'make' in /home/ubuntu/workspace/cst336/labs/final/index.php on line 44
[22-Jul-2018 21:54:12 UTC] PHP Stack trace:
[22-Jul-2018 21:54:12 UTC] PHP   1. {main}() /home/ubuntu/workspace/cst336/labs/final/index.php:0
[22-Jul-2018 21:54:12 UTC] PHP Warning:  Illegal string offset 'model' in /home/ubuntu/workspace/cst336/labs/final/index.php on line 45
[22-Jul-2018 21:54:12 UTC] PHP Stack trace:
[22-Jul-2018 21:54:12 UTC] PHP   1. {main}() /home/ubuntu/workspace/cst336/labs/final/index.php:0
[22-Jul-2018 21:54:12 UTC] PHP Warning:  Illegal string offset 'make' in /home/ubuntu/workspace/cst336/labs/final/index.php on line 46
[22-Jul-2018 21:54:12 UTC] PHP Stack trace:
[22-Jul-2018 21:54:12 UTC] PHP   1. {main}() /home/ubuntu/workspace/cst336/labs/final/index.php:0
[22-Jul-2018 21:54:12 UTC] PHP Warning:  Illegal string offset 'ship_condition' in /home/ubuntu/workspace/cst336/labs/final/index.php on line 47
[22-Jul-2018 21:54:12 UTC] PHP Stack trace:
[22-Jul-2018 21:54:12 UTC] PHP   1. {main}() /home/ubuntu/workspace/cst336/labs/final/index.php:0
[22-Jul-2018 21:54:12 UTC] PHP Warning:  Illegal string offset 'long_description' in /home/ubuntu/workspace/cst336/labs/final/index.php on line 48
[22-Jul-2018 21:54:12 UTC] PHP Stack trace:
[22-Jul-2018 21:54:12 UTC] PHP   1. {main}() /home/ubuntu/workspace/cst336/labs/final/index.php:0
[22-Jul-2018 21:54:12 UTC] PHP Warning:  Illegal string offset 'cost' in /home/ubuntu/workspace/cst336/labs/final/index.php on line 49
[22-Jul-2018 21:54:12 UTC] PHP Stack trace:
[22-Jul-2018 21:54:12 UTC] PHP   1. {main}() /home/ubuntu/workspace/cst336/labs/final/index.php:0
[22-Jul-2018 21:54:12 UTC] PHP Warning:  Illegal string offset 'year_of_production' in /home/ubuntu/workspace/cst336/labs/final/index.php on line 50
[22-Jul-2018 21:54:12 UTC] PHP Stack trace:
[22-Jul-2018 21:54:12 UTC] PHP   1. {main}() /home/ubuntu/workspace/cst336/labs/final/index.php:0
[22-Jul-2018 21:54:12 UTC] PHP Warning:  Illegal string offset 'image_url' in /home/ubuntu/workspace/cst336/labs/final/index.php on line 51
[22-Jul-2018 21:54:12 UTC] PHP Stack trace:
[22-Jul-2018 21:54:12 UTC] PHP   1. {main}() /home/ubuntu/workspace/cst336/labs/final/index.php:0
[22-Jul-2018 21:54:12 UTC] PHP Warning:  Illegal string offset 'action_image_url' in /home/ubuntu/workspace/cst336/labs/final/index.php on line 52
[22-Jul-2018 21:54:12 UTC] PHP Stack trace:
[22-Jul-2018 21:54:12 UTC] PHP   1. {main}() /home/ubuntu/workspace/cst336/labs/final/index.php:0
[22-Jul-2018 21:54:12 UTC] PHP Warning:  Illegal string offset 'name' in /home/ubuntu/workspace/cst336/labs/final/index.php on line 43
[22-Jul-2018 21:54:12 UTC] PHP Stack trace:
[22-Jul-2018 21:54:12 UTC] PHP   1. {main}() /home/ubuntu/workspace/cst336/labs/final/index.php:0
[22-Jul-2018 21:54:12 UTC] PHP Warning:  Illegal string offset 'make' in /home/ubuntu/workspace/cst336/labs/final/index.php on line 44
[22-Jul-2018 21:54:12 UTC] PHP Stack trace:
[22-Jul-2018 21:54:12 UTC] PHP   1. {main}() /home/ubuntu/workspace/cst336/labs/final/index.php:0
[22-Jul-2018 21:54:12 UTC] PHP Warning:  Illegal string offset 'model' in /home/ubuntu/workspace/cst336/labs/final/index.php on line 45
[22-Jul-2018 21:54:12 UTC] PHP Stack trace:
[22-Jul-2018 21:54:12 UTC] PHP   1. {main}() /home/ubuntu/workspace/cst336/labs/final/index.php:0
[22-Jul-2018 21:54:12 UTC] PHP Warning:  Illegal string offset 'make' in /home/ubuntu/workspace/cst336/labs/final/index.php on line 46
[22-Jul-2018 21:54:12 UTC] PHP Stack trace:
[22-Jul-2018 21:54:12 UTC] PHP   1. {main}() /home/ubuntu/workspace/cst336/labs/final/index.php:0
[22-Jul-2018 21:54:12 UTC] PHP Warning:  Illegal string offset 'ship_condition' in /home/ubuntu/workspace/cst336/labs/final/index.php on line 47
[22-Jul-2018 21:54:12 UTC] PHP Stack trace:
[22-Jul-2018 21:54:12 UTC] PHP   1. {main}() /home/ubuntu/workspace/cst336/labs/final/index.php:0
[22-Jul-2018 21:54:12 UTC] PHP Warning:  Illegal string offset 'long_description' in /home/ubuntu/workspace/cst336/labs/final/index.php on line 48
[22-Jul-2018 21:54:12 UTC] PHP Stack trace:
[22-Jul-2018 21:54:12 UTC] PHP   1. {main}() /home/ubuntu/workspace/cst336/labs/final/index.php:0
[22-Jul-2018 21:54:12 UTC] PHP Warning:  Illegal string offset 'cost' in /home/ubuntu/workspace/cst336/labs/final/index.php on line 49
[22-Jul-2018 21:54:12 UTC] PHP Stack trace:
[22-Jul-2018 21:54:12 UTC] PHP   1. {main}() /home/ubuntu/workspace/cst336/labs/final/index.php:0
[22-Jul-2018 21:54:12 UTC] PHP Warning:  Illegal string offset 'year_of_production' in /home/ubuntu/workspace/cst336/labs/final/index.php on line 50
[22-Jul-2018 21:54:12 UTC] PHP Stack trace:
[22-Jul-2018 21:54:12 UTC] PHP   1. {main}() /home/ubuntu/workspace/cst336/labs/final/index.php:0
[22-Jul-2018 21:54:12 UTC] PHP Warning:  Illegal string offset 'image_url' in /home/ubuntu/workspace/cst336/labs/final/index.php on line 51
[22-Jul-2018 21:54:12 UTC] PHP Stack trace:
[22-Jul-2018 21:54:12 UTC] PHP   1. {main}() /home/ubuntu/workspace/cst336/labs/final/index.php:0
[22-Jul-2018 21:54:12 UTC] PHP Warning:  Illegal string offset 'action_image_url' in /home/ubuntu/workspace/cst336/labs/final/index.php on line 52
[22-Jul-2018 21:54:12 UTC] PHP Stack trace:
[22-Jul-2018 21:54:12 UTC] PHP   1. {main}() /home/ubuntu/workspace/cst336/labs/final/index.php:0
[22-Jul-2018 21:54:12 UTC] PHP Warning:  Illegal string offset 'name' in /home/ubuntu/workspace/cst336/labs/final/index.php on line 43
[22-Jul-2018 21:54:12 UTC] PHP Stack trace:
[22-Jul-2018 21:54:12 UTC] PHP   1. {main}() /home/ubuntu/workspace/cst336/labs/final/index.php:0
[22-Jul-2018 21:54:12 UTC] PHP Warning:  Illegal string offset 'make' in /home/ubuntu/workspace/cst336/labs/final/index.php on line 44
[22-Jul-2018 21:54:12 UTC] PHP Stack trace:
[22-Jul-2018 21:54:12 UTC] PHP   1. {main}() /home/ubuntu/workspace/cst336/labs/final/index.php:0
[22-Jul-2018 21:54:12 UTC] PHP Warning:  Illegal string offset 'model' in /home/ubuntu/workspace/cst336/labs/final/index.php on line 45
[22-Jul-2018 21:54:12 UTC] PHP Stack trace:
[22-Jul-2018 21:54:12 UTC] PHP   1. {main}() /home/ubuntu/workspace/cst336/labs/final/index.php:0
[22-Jul-2018 21:54:12 UTC] PHP Warning:  Illegal string offset 'make' in /home/ubuntu/workspace/cst336/labs/final/index.php on line 46
[22-Jul-2018 21:54:12 UTC] PHP Stack trace:
[22-Jul-2018 21:54:12 UTC] PHP   1. {main}() /home/ubuntu/workspace/cst336/labs/final/index.php:0
[22-Jul-2018 21:54:12 UTC] PHP Warning:  Illegal string offset 'ship_condition' in /home/ubuntu/workspace/cst336/labs/final/index.php on line 47
[22-Jul-2018 21:54:12 UTC] PHP Stack trace:
[22-Jul-2018 21:54:12 UTC] PHP   1. {main}() /home/ubuntu/workspace/cst336/labs/final/index.php:0
[22-Jul-2018 21:54:12 UTC] PHP Warning:  Illegal string offset 'long_description' in /home/ubuntu/workspace/cst336/labs/final/index.php on line 48
[22-Jul-2018 21:54:12 UTC] PHP Stack trace:
[22-Jul-2018 21:54:12 UTC] PHP   1. {main}() /home/ubuntu/workspace/cst336/labs/final/index.php:0
[22-Jul-2018 21:54:12 UTC] PHP Warning:  Illegal string offset 'cost' in /home/ubuntu/workspace/cst336/labs/final/index.php on line 49
[22-Jul-2018 21:54:12 UTC] PHP Stack trace:
[22-Jul-2018 21:54:12 UTC] PHP   1. {main}() /home/ubuntu/workspace/cst336/labs/final/index.php:0
[22-Jul-2018 21:54:12 UTC] PHP Warning:  Illegal string offset 'year_of_production' in /home/ubuntu/workspace/cst336/labs/final/index.php on line 50
[22-Jul-2018 21:54:12 UTC] PHP Stack trace:
[22-Jul-2018 21:54:12 UTC] PHP   1. {main}() /home/ubuntu/workspace/cst336/labs/final/index.php:0
[22-Jul-2018 21:54:12 UTC] PHP Warning:  Illegal string offset 'image_url' in /home/ubuntu/workspace/cst336/labs/final/index.php on line 51
[22-Jul-2018 21:54:12 UTC] PHP Stack trace:
[22-Jul-2018 21:54:12 UTC] PHP   1. {main}() /home/ubuntu/workspace/cst336/labs/final/index.php:0
[22-Jul-2018 21:54:12 UTC] PHP Warning:  Illegal string offset 'action_image_url' in /home/ubuntu/workspace/cst336/labs/final/index.php on line 52
[22-Jul-2018 21:54:12 UTC] PHP Stack trace:
[22-Jul-2018 21:54:12 UTC] PHP   1. {main}() /home/ubuntu/workspace/cst336/labs/final/index.php:0
[22-Jul-2018 21:54:12 UTC] PHP Warning:  Illegal string offset 'name' in /home/ubuntu/workspace/cst336/labs/final/index.php on line 43
[22-Jul-2018 21:54:12 UTC] PHP Stack trace:
[22-Jul-2018 21:54:12 UTC] PHP   1. {main}() /home/ubuntu/workspace/cst336/labs/final/index.php:0
[22-Jul-2018 21:54:12 UTC] PHP Warning:  Illegal string offset 'make' in /home/ubuntu/workspace/cst336/labs/final/index.php on line 44
[22-Jul-2018 21:54:12 UTC] PHP Stack trace:
[22-Jul-2018 21:54:12 UTC] PHP   1. {main}() /home/ubuntu/workspace/cst336/labs/final/index.php:0
[22-Jul-2018 21:54:12 UTC] PHP Warning:  Illegal string offset 'model' in /home/ubuntu/workspace/cst336/labs/final/index.php on line 45
[22-Jul-2018 21:54:12 UTC] PHP Stack trace:
[22-Jul-2018 21:54:12 UTC] PHP   1. {main}() /home/ubuntu/workspace/cst336/labs/final/index.php:0
[22-Jul-2018 21:54:12 UTC] PHP Warning:  Illegal string offset 'make' in /home/ubuntu/workspace/cst336/labs/final/index.php on line 46
[22-Jul-2018 21:54:12 UTC] PHP Stack trace:
[22-Jul-2018 21:54:12 UTC] PHP   1. {main}() /home/ubuntu/workspace/cst336/labs/final/index.php:0
[22-Jul-2018 21:54:12 UTC] PHP Warning:  Illegal string offset 'ship_condition' in /home/ubuntu/workspace/cst336/labs/final/index.php on line 47
[22-Jul-2018 21:54:12 UTC] PHP Stack trace:
[22-Jul-2018 21:54:12 UTC] PHP   1. {main}() /home/ubuntu/workspace/cst336/labs/final/index.php:0
[22-Jul-2018 21:54:12 UTC] PHP Warning:  Illegal string offset 'long_description' in /home/ubuntu/workspace/cst336/labs/final/index.php on line 48
[22-Jul-2018 21:54:12 UTC] PHP Stack trace:
[22-Jul-2018 21:54:12 UTC] PHP   1. {main}() /home/ubuntu/workspace/cst336/labs/final/index.php:0
[22-Jul-2018 21:54:12 UTC] PHP Warning:  Illegal string offset 'cost' in /home/ubuntu/workspace/cst336/labs/final/index.php on line 49
[22-Jul-2018 21:54:12 UTC] PHP Stack trace:
[22-Jul-2018 21:54:12 UTC] PHP   1. {main}() /home/ubuntu/workspace/cst336/labs/final/index.php:0
[22-Jul-2018 21:54:12 UTC] PHP Warning:  Illegal string offset 'year_of_production' in /home/ubuntu/workspace/cst336/labs/final/index.php on line 50
[22-Jul-2018 21:54:12 UTC] PHP Stack trace:
[22-Jul-2018 21:54:12 UTC] PHP   1. {main}() /home/ubuntu/workspace/cst336/labs/final/index.php:0
[22-Jul-2018 21:54:12 UTC] PHP Warning:  Illegal string offset 'image_url' in /home/ubuntu/workspace/cst336/labs/final/index.php on line 51
[22-Jul-2018 21:54:12 UTC] PHP Stack trace:
[22-Jul-2018 21:54:12 UTC] PHP   1. {main}() /home/ubuntu/workspace/cst336/labs/final/index.php:0
[22-Jul-2018 21:54:12 UTC] PHP Warning:  Illegal string offset 'action_image_url' in /home/ubuntu/workspace/cst336/labs/final/index.php on line 52
[22-Jul-2018 21:54:12 UTC] PHP Stack trace:
[22-Jul-2018 21:54:12 UTC] PHP   1. {main}() /home/ubuntu/workspace/cst336/labs/final/index.php:0
[22-Jul-2018 21:55:18 UTC] PHP Warning:  Illegal string offset 'name' in /home/ubuntu/workspace/cst336/labs/final/index.php on line 43
[22-Jul-2018 21:55:18 UTC] PHP Stack trace:
[22-Jul-2018 21:55:18 UTC] PHP   1. {main}() /home/ubuntu/workspace/cst336/labs/final/index.php:0
[22-Jul-2018 21:55:18 UTC] PHP Warning:  Illegal string offset 'make' in /home/ubuntu/workspace/cst336/labs/final/index.php on line 44
[22-Jul-2018 21:55:18 UTC] PHP Stack trace:
[22-Jul-2018 21:55:18 UTC] PHP   1. {main}() /home/ubuntu/workspace/cst336/labs/final/index.php:0
[22-Jul-2018 21:55:18 UTC] PHP Warning:  Illegal string offset 'model' in /home/ubuntu/workspace/cst336/labs/final/index.php on line 45
[22-Jul-2018 21:55:18 UTC] PHP Stack trace:
[22-Jul-2018 21:55:18 UTC] PHP   1. {main}() /home/ubuntu/workspace/cst336/labs/final/index.php:0
[22-Jul-2018 21:55:18 UTC] PHP Warning:  Illegal string offset 'make' in /home/ubuntu/workspace/cst336/labs/final/index.php on line 46
[22-Jul-2018 21:55:18 UTC] PHP Stack trace:
[22-Jul-2018 21:55:18 UTC] PHP   1. {main}() /home/ubuntu/workspace/cst336/labs/final/index.php:0
[22-Jul-2018 21:55:18 UTC] PHP Warning:  Illegal string offset 'ship_condition' in /home/ubuntu/workspace/cst336/labs/final/index.php on line 47
[22-Jul-2018 21:55:18 UTC] PHP Stack trace:
[22-Jul-2018 21:55:18 UTC] PHP   1. {main}() /home/ubuntu/workspace/cst336/labs/final/index.php:0
[22-Jul-2018 21:55:18 UTC] PHP Warning:  Illegal string offset 'long_description' in /home/ubuntu/workspace/cst336/labs/final/index.php on line 48
[22-Jul-2018 21:55:18 UTC] PHP Stack trace:
[22-Jul-2018 21:55:18 UTC] PHP   1. {main}() /home/ubuntu/workspace/cst336/labs/final/index.php:0
[22-Jul-2018 21:55:18 UTC] PHP Warning:  Illegal string offset 'cost' in /home/ubuntu/workspace/cst336/labs/final/index.php on line 49
[22-Jul-2018 21:55:18 UTC] PHP Stack trace:
[22-Jul-2018 21:55:18 UTC] PHP   1. {main}() /home/ubuntu/workspace/cst336/labs/final/index.php:0
[22-Jul-2018 21:55:18 UTC] PHP Warning:  Illegal string offset 'year_of_production' in /home/ubuntu/workspace/cst336/labs/final/index.php on line 50
[22-Jul-2018 21:55:18 UTC] PHP Stack trace:
[22-Jul-2018 21:55:18 UTC] PHP   1. {main}() /home/ubuntu/workspace/cst336/labs/final/index.php:0
[22-Jul-2018 21:55:18 UTC] PHP Warning:  Illegal string offset 'image_url' in /home/ubuntu/workspace/cst336/labs/final/index.php on line 51
[22-Jul-2018 21:55:18 UTC] PHP Stack trace:
[22-Jul-2018 21:55:18 UTC] PHP   1. {main}() /home/ubuntu/workspace/cst336/labs/final/index.php:0
[22-Jul-2018 21:55:18 UTC] PHP Warning:  Illegal string offset 'action_image_url' in /home/ubuntu/workspace/cst336/labs/final/index.php on line 52
[22-Jul-2018 21:55:18 UTC] PHP Stack trace:
[22-Jul-2018 21:55:18 UTC] PHP   1. {main}() /home/ubuntu/workspace/cst336/labs/final/index.php:0
[22-Jul-2018 21:55:18 UTC] PHP Warning:  Illegal string offset 'name' in /home/ubuntu/workspace/cst336/labs/final/index.php on line 43
[22-Jul-2018 21:55:18 UTC] PHP Stack trace:
[22-Jul-2018 21:55:18 UTC] PHP   1. {main}() /home/ubuntu/workspace/cst336/labs/final/index.php:0
[22-Jul-2018 21:55:18 UTC] PHP Warning:  Illegal string offset 'make' in /home/ubuntu/workspace/cst336/labs/final/index.php on line 44
[22-Jul-2018 21:55:18 UTC] PHP Stack trace:
[22-Jul-2018 21:55:18 UTC] PHP   1. {main}() /home/ubuntu/workspace/cst336/labs/final/index.php:0
[22-Jul-2018 21:55:18 UTC] PHP Warning:  Illegal string offset 'model' in /home/ubuntu/workspace/cst336/labs/final/index.php on line 45
[22-Jul-2018 21:55:18 UTC] PHP Stack trace:
[22-Jul-2018 21:55:18 UTC] PHP   1. {main}() /home/ubuntu/workspace/cst336/labs/final/index.php:0
[22-Jul-2018 21:55:18 UTC] PHP Warning:  Illegal string offset 'make' in /home/ubuntu/workspace/cst336/labs/final/index.php on line 46
[22-Jul-2018 21:55:18 UTC] PHP Stack trace:
[22-Jul-2018 21:55:18 UTC] PHP   1. {main}() /home/ubuntu/workspace/cst336/labs/final/index.php:0
[22-Jul-2018 21:55:18 UTC] PHP Warning:  Illegal string offset 'ship_condition' in /home/ubuntu/workspace/cst336/labs/final/index.php on line 47
[22-Jul-2018 21:55:18 UTC] PHP Stack trace:
[22-Jul-2018 21:55:18 UTC] PHP   1. {main}() /home/ubuntu/workspace/cst336/labs/final/index.php:0
[22-Jul-2018 21:55:18 UTC] PHP Warning:  Illegal string offset 'long_description' in /home/ubuntu/workspace/cst336/labs/final/index.php on line 48
[22-Jul-2018 21:55:18 UTC] PHP Stack trace:
[22-Jul-2018 21:55:18 UTC] PHP   1. {main}() /home/ubuntu/workspace/cst336/labs/final/index.php:0
[22-Jul-2018 21:55:18 UTC] PHP Warning:  Illegal string offset 'cost' in /home/ubuntu/workspace/cst336/labs/final/index.php on line 49
[22-Jul-2018 21:55:18 UTC] PHP Stack trace:
[22-Jul-2018 21:55:18 UTC] PHP   1. {main}() /home/ubuntu/workspace/cst336/labs/final/index.php:0
[22-Jul-2018 21:55:18 UTC] PHP Warning:  Illegal string offset 'year_of_production' in /home/ubuntu/workspace/cst336/labs/final/index.php on line 50
[22-Jul-2018 21:55:18 UTC] PHP Stack trace:
[22-Jul-2018 21:55:18 UTC] PHP   1. {main}() /home/ubuntu/workspace/cst336/labs/final/index.php:0
[22-Jul-2018 21:55:18 UTC] PHP Warning:  Illegal string offset 'image_url' in /home/ubuntu/workspace/cst336/labs/final/index.php on line 51
[22-Jul-2018 21:55:18 UTC] PHP Stack trace:
[22-Jul-2018 21:55:18 UTC] PHP   1. {main}() /home/ubuntu/workspace/cst336/labs/final/index.php:0
[22-Jul-2018 21:55:18 UTC] PHP Warning:  Illegal string offset 'action_image_url' in /home/ubuntu/workspace/cst336/labs/final/index.php on line 52
[22-Jul-2018 21:55:18 UTC] PHP Stack trace:
[22-Jul-2018 21:55:18 UTC] PHP   1. {main}() /home/ubuntu/workspace/cst336/labs/final/index.php:0
[22-Jul-2018 21:55:18 UTC] PHP Warning:  Illegal string offset 'name' in /home/ubuntu/workspace/cst336/labs/final/index.php on line 43
[22-Jul-2018 21:55:18 UTC] PHP Stack trace:
[22-Jul-2018 21:55:18 UTC] PHP   1. {main}() /home/ubuntu/workspace/cst336/labs/final/index.php:0
[22-Jul-2018 21:55:18 UTC] PHP Warning:  Illegal string offset 'make' in /home/ubuntu/workspace/cst336/labs/final/index.php on line 44
[22-Jul-2018 21:55:18 UTC] PHP Stack trace:
[22-Jul-2018 21:55:18 UTC] PHP   1. {main}() /home/ubuntu/workspace/cst336/labs/final/index.php:0
[22-Jul-2018 21:55:18 UTC] PHP Warning:  Illegal string offset 'model' in /home/ubuntu/workspace/cst336/labs/final/index.php on line 45
[22-Jul-2018 21:55:18 UTC] PHP Stack trace:
[22-Jul-2018 21:55:18 UTC] PHP   1. {main}() /home/ubuntu/workspace/cst336/labs/final/index.php:0
[22-Jul-2018 21:55:18 UTC] PHP Warning:  Illegal string offset 'make' in /home/ubuntu/workspace/cst336/labs/final/index.php on line 46
[22-Jul-2018 21:55:18 UTC] PHP Stack trace:
[22-Jul-2018 21:55:18 UTC] PHP   1. {main}() /home/ubuntu/workspace/cst336/labs/final/index.php:0
[22-Jul-2018 21:55:18 UTC] PHP Warning:  Illegal string offset 'ship_condition' in /home/ubuntu/workspace/cst336/labs/final/index.php on line 47
[22-Jul-2018 21:55:18 UTC] PHP Stack trace:
[22-Jul-2018 21:55:18 UTC] PHP   1. {main}() /home/ubuntu/workspace/cst336/labs/final/index.php:0
[22-Jul-2018 21:55:18 UTC] PHP Warning:  Illegal string offset 'long_description' in /home/ubuntu/workspace/cst336/labs/final/index.php on line 48
[22-Jul-2018 21:55:18 UTC] PHP Stack trace:
[22-Jul-2018 21:55:18 UTC] PHP   1. {main}() /home/ubuntu/workspace/cst336/labs/final/index.php:0
[22-Jul-2018 21:55:18 UTC] PHP Warning:  Illegal string offset 'cost' in /home/ubuntu/workspace/cst336/labs/final/index.php on line 49
[22-Jul-2018 21:55:18 UTC] PHP Stack trace:
[22-Jul-2018 21:55:18 UTC] PHP   1. {main}() /home/ubuntu/workspace/cst336/labs/final/index.php:0
[22-Jul-2018 21:55:18 UTC] PHP Warning:  Illegal string offset 'year_of_production' in /home/ubuntu/workspace/cst336/labs/final/index.php on line 50
[22-Jul-2018 21:55:18 UTC] PHP Stack trace:
[22-Jul-2018 21:55:18 UTC] PHP   1. {main}() /home/ubuntu/workspace/cst336/labs/final/index.php:0
[22-Jul-2018 21:55:18 UTC] PHP Warning:  Illegal string offset 'image_url' in /home/ubuntu/workspace/cst336/labs/final/index.php on line 51
[22-Jul-2018 21:55:18 UTC] PHP Stack trace:
[22-Jul-2018 21:55:18 UTC] PHP   1. {main}() /home/ubuntu/workspace/cst336/labs/final/index.php:0
[22-Jul-2018 21:55:18 UTC] PHP Warning:  Illegal string offset 'action_image_url' in /home/ubuntu/workspace/cst336/labs/final/index.php on line 52
[22-Jul-2018 21:55:18 UTC] PHP Stack trace:
[22-Jul-2018 21:55:18 UTC] PHP   1. {main}() /home/ubuntu/workspace/cst336/labs/final/index.php:0
[22-Jul-2018 21:55:18 UTC] PHP Warning:  Illegal string offset 'name' in /home/ubuntu/workspace/cst336/labs/final/index.php on line 43
[22-Jul-2018 21:55:18 UTC] PHP Stack trace:
[22-Jul-2018 21:55:18 UTC] PHP   1. {main}() /home/ubuntu/workspace/cst336/labs/final/index.php:0
[22-Jul-2018 21:55:18 UTC] PHP Warning:  Illegal string offset 'make' in /home/ubuntu/workspace/cst336/labs/final/index.php on line 44
[22-Jul-2018 21:55:18 UTC] PHP Stack trace:
[22-Jul-2018 21:55:18 UTC] PHP   1. {main}() /home/ubuntu/workspace/cst336/labs/final/index.php:0
[22-Jul-2018 21:55:18 UTC] PHP Warning:  Illegal string offset 'model' in /home/ubuntu/workspace/cst336/labs/final/index.php on line 45
[22-Jul-2018 21:55:18 UTC] PHP Stack trace:
[22-Jul-2018 21:55:18 UTC] PHP   1. {main}() /home/ubuntu/workspace/cst336/labs/final/index.php:0
[22-Jul-2018 21:55:18 UTC] PHP Warning:  Illegal string offset 'make' in /home/ubuntu/workspace/cst336/labs/final/index.php on line 46
[22-Jul-2018 21:55:18 UTC] PHP Stack trace:
[22-Jul-2018 21:55:18 UTC] PHP   1. {main}() /home/ubuntu/workspace/cst336/labs/final/index.php:0
[22-Jul-2018 21:55:18 UTC] PHP Warning:  Illegal string offset 'ship_condition' in /home/ubuntu/workspace/cst336/labs/final/index.php on line 47
[22-Jul-2018 21:55:18 UTC] PHP Stack trace:
[22-Jul-2018 21:55:18 UTC] PHP   1. {main}() /home/ubuntu/workspace/cst336/labs/final/index.php:0
[22-Jul-2018 21:55:18 UTC] PHP Warning:  Illegal string offset 'long_description' in /home/ubuntu/workspace/cst336/labs/final/index.php on line 48
[22-Jul-2018 21:55:18 UTC] PHP Stack trace:
[22-Jul-2018 21:55:18 UTC] PHP   1. {main}() /home/ubuntu/workspace/cst336/labs/final/index.php:0
[22-Jul-2018 21:55:18 UTC] PHP Warning:  Illegal string offset 'cost' in /home/ubuntu/workspace/cst336/labs/final/index.php on line 49
[22-Jul-2018 21:55:18 UTC] PHP Stack trace:
[22-Jul-2018 21:55:18 UTC] PHP   1. {main}() /home/ubuntu/workspace/cst336/labs/final/index.php:0
[22-Jul-2018 21:55:18 UTC] PHP Warning:  Illegal string offset 'year_of_production' in /home/ubuntu/workspace/cst336/labs/final/index.php on line 50
[22-Jul-2018 21:55:18 UTC] PHP Stack trace:
[22-Jul-2018 21:55:18 UTC] PHP   1. {main}() /home/ubuntu/workspace/cst336/labs/final/index.php:0
[22-Jul-2018 21:55:18 UTC] PHP Warning:  Illegal string offset 'image_url' in /home/ubuntu/workspace/cst336/labs/final/index.php on line 51
[22-Jul-2018 21:55:18 UTC] PHP Stack trace:
[22-Jul-2018 21:55:18 UTC] PHP   1. {main}() /home/ubuntu/workspace/cst336/labs/final/index.php:0
[22-Jul-2018 21:55:18 UTC] PHP Warning:  Illegal string offset 'action_image_url' in /home/ubuntu/workspace/cst336/labs/final/index.php on line 52
[22-Jul-2018 21:55:18 UTC] PHP Stack trace:
[22-Jul-2018 21:55:18 UTC] PHP   1. {main}() /home/ubuntu/workspace/cst336/labs/final/index.php:0
[22-Jul-2018 21:55:18 UTC] PHP Warning:  Illegal string offset 'name' in /home/ubuntu/workspace/cst336/labs/final/index.php on line 43
[22-Jul-2018 21:55:18 UTC] PHP Stack trace:
[22-Jul-2018 21:55:18 UTC] PHP   1. {main}() /home/ubuntu/workspace/cst336/labs/final/index.php:0
[22-Jul-2018 21:55:18 UTC] PHP Warning:  Illegal string offset 'make' in /home/ubuntu/workspace/cst336/labs/final/index.php on line 44
[22-Jul-2018 21:55:18 UTC] PHP Stack trace:
[22-Jul-2018 21:55:18 UTC] PHP   1. {main}() /home/ubuntu/workspace/cst336/labs/final/index.php:0
[22-Jul-2018 21:55:18 UTC] PHP Warning:  Illegal string offset 'model' in /home/ubuntu/workspace/cst336/labs/final/index.php on line 45
[22-Jul-2018 21:55:18 UTC] PHP Stack trace:
[22-Jul-2018 21:55:18 UTC] PHP   1. {main}() /home/ubuntu/workspace/cst336/labs/final/index.php:0
[22-Jul-2018 21:55:18 UTC] PHP Warning:  Illegal string offset 'make' in /home/ubuntu/workspace/cst336/labs/final/index.php on line 46
[22-Jul-2018 21:55:18 UTC] PHP Stack trace:
[22-Jul-2018 21:55:18 UTC] PHP   1. {main}() /home/ubuntu/workspace/cst336/labs/final/index.php:0
[22-Jul-2018 21:55:18 UTC] PHP Warning:  Illegal string offset 'ship_condition' in /home/ubuntu/workspace/cst336/labs/final/index.php on line 47
[22-Jul-2018 21:55:18 UTC] PHP Stack trace:
[22-Jul-2018 21:55:18 UTC] PHP   1. {main}() /home/ubuntu/workspace/cst336/labs/final/index.php:0
[22-Jul-2018 21:55:18 UTC] PHP Warning:  Illegal string offset 'long_description' in /home/ubuntu/workspace/cst336/labs/final/index.php on line 48
[22-Jul-2018 21:55:18 UTC] PHP Stack trace:
[22-Jul-2018 21:55:18 UTC] PHP   1. {main}() /home/ubuntu/workspace/cst336/labs/final/index.php:0
[22-Jul-2018 21:55:18 UTC] PHP Warning:  Illegal string offset 'cost' in /home/ubuntu/workspace/cst336/labs/final/index.php on line 49
[22-Jul-2018 21:55:18 UTC] PHP Stack trace:
[22-Jul-2018 21:55:18 UTC] PHP   1. {main}() /home/ubuntu/workspace/cst336/labs/final/index.php:0
[22-Jul-2018 21:55:18 UTC] PHP Warning:  Illegal string offset 'year_of_production' in /home/ubuntu/workspace/cst336/labs/final/index.php on line 50
[22-Jul-2018 21:55:18 UTC] PHP Stack trace:
[22-Jul-2018 21:55:18 UTC] PHP   1. {main}() /home/ubuntu/workspace/cst336/labs/final/index.php:0
[22-Jul-2018 21:55:18 UTC] PHP Warning:  Illegal string offset 'image_url' in /home/ubuntu/workspace/cst336/labs/final/index.php on line 51
[22-Jul-2018 21:55:18 UTC] PHP Stack trace:
[22-Jul-2018 21:55:18 UTC] PHP   1. {main}() /home/ubuntu/workspace/cst336/labs/final/index.php:0
[22-Jul-2018 21:55:18 UTC] PHP Warning:  Illegal string offset 'action_image_url' in /home/ubuntu/workspace/cst336/labs/final/index.php on line 52
[22-Jul-2018 21:55:18 UTC] PHP Stack trace:
[22-Jul-2018 21:55:18 UTC] PHP   1. {main}() /home/ubuntu/workspace/cst336/labs/final/index.php:0
[22-Jul-2018 21:55:18 UTC] PHP Warning:  Illegal string offset 'name' in /home/ubuntu/workspace/cst336/labs/final/index.php on line 43
[22-Jul-2018 21:55:18 UTC] PHP Stack trace:
[22-Jul-2018 21:55:18 UTC] PHP   1. {main}() /home/ubuntu/workspace/cst336/labs/final/index.php:0
[22-Jul-2018 21:55:18 UTC] PHP Warning:  Illegal string offset 'make' in /home/ubuntu/workspace/cst336/labs/final/index.php on line 44
[22-Jul-2018 21:55:18 UTC] PHP Stack trace:
[22-Jul-2018 21:55:18 UTC] PHP   1. {main}() /home/ubuntu/workspace/cst336/labs/final/index.php:0
[22-Jul-2018 21:55:18 UTC] PHP Warning:  Illegal string offset 'model' in /home/ubuntu/workspace/cst336/labs/final/index.php on line 45
[22-Jul-2018 21:55:18 UTC] PHP Stack trace:
[22-Jul-2018 21:55:18 UTC] PHP   1. {main}() /home/ubuntu/workspace/cst336/labs/final/index.php:0
[22-Jul-2018 21:55:18 UTC] PHP Warning:  Illegal string offset 'make' in /home/ubuntu/workspace/cst336/labs/final/index.php on line 46
[22-Jul-2018 21:55:18 UTC] PHP Stack trace:
[22-Jul-2018 21:55:18 UTC] PHP   1. {main}() /home/ubuntu/workspace/cst336/labs/final/index.php:0
[22-Jul-2018 21:55:18 UTC] PHP Warning:  Illegal string offset 'ship_condition' in /home/ubuntu/workspace/cst336/labs/final/index.php on line 47
[22-Jul-2018 21:55:18 UTC] PHP Stack trace:
[22-Jul-2018 21:55:18 UTC] PHP   1. {main}() /home/ubuntu/workspace/cst336/labs/final/index.php:0
[22-Jul-2018 21:55:18 UTC] PHP Warning:  Illegal string offset 'long_description' in /home/ubuntu/workspace/cst336/labs/final/index.php on line 48
[22-Jul-2018 21:55:18 UTC] PHP Stack trace:
[22-Jul-2018 21:55:18 UTC] PHP   1. {main}() /home/ubuntu/workspace/cst336/labs/final/index.php:0
[22-Jul-2018 21:55:18 UTC] PHP Warning:  Illegal string offset 'cost' in /home/ubuntu/workspace/cst336/labs/final/index.php on line 49
[22-Jul-2018 21:55:18 UTC] PHP Stack trace:
[22-Jul-2018 21:55:18 UTC] PHP   1. {main}() /home/ubuntu/workspace/cst336/labs/final/index.php:0
[22-Jul-2018 21:55:18 UTC] PHP Warning:  Illegal string offset 'year_of_production' in /home/ubuntu/workspace/cst336/labs/final/index.php on line 50
[22-Jul-2018 21:55:18 UTC] PHP Stack trace:
[22-Jul-2018 21:55:18 UTC] PHP   1. {main}() /home/ubuntu/workspace/cst336/labs/final/index.php:0
[22-Jul-2018 21:55:18 UTC] PHP Warning:  Illegal string offset 'image_url' in /home/ubuntu/workspace/cst336/labs/final/index.php on line 51
[22-Jul-2018 21:55:18 UTC] PHP Stack trace:
[22-Jul-2018 21:55:18 UTC] PHP   1. {main}() /home/ubuntu/workspace/cst336/labs/final/index.php:0
[22-Jul-2018 21:55:18 UTC] PHP Warning:  Illegal string offset 'action_image_url' in /home/ubuntu/workspace/cst336/labs/final/index.php on line 52
[22-Jul-2018 21:55:18 UTC] PHP Stack trace:
[22-Jul-2018 21:55:18 UTC] PHP   1. {main}() /home/ubuntu/workspace/cst336/labs/final/index.php:0
[22-Jul-2018 21:55:18 UTC] PHP Warning:  Illegal string offset 'name' in /home/ubuntu/workspace/cst336/labs/final/index.php on line 43
[22-Jul-2018 21:55:18 UTC] PHP Stack trace:
[22-Jul-2018 21:55:18 UTC] PHP   1. {main}() /home/ubuntu/workspace/cst336/labs/final/index.php:0
[22-Jul-2018 21:55:18 UTC] PHP Warning:  Illegal string offset 'make' in /home/ubuntu/workspace/cst336/labs/final/index.php on line 44
[22-Jul-2018 21:55:18 UTC] PHP Stack trace:
[22-Jul-2018 21:55:18 UTC] PHP   1. {main}() /home/ubuntu/workspace/cst336/labs/final/index.php:0
[22-Jul-2018 21:55:18 UTC] PHP Warning:  Illegal string offset 'model' in /home/ubuntu/workspace/cst336/labs/final/index.php on line 45
[22-Jul-2018 21:55:18 UTC] PHP Stack trace:
[22-Jul-2018 21:55:18 UTC] PHP   1. {main}() /home/ubuntu/workspace/cst336/labs/final/index.php:0
[22-Jul-2018 21:55:18 UTC] PHP Warning:  Illegal string offset 'make' in /home/ubuntu/workspace/cst336/labs/final/index.php on line 46
[22-Jul-2018 21:55:18 UTC] PHP Stack trace:
[22-Jul-2018 21:55:18 UTC] PHP   1. {main}() /home/ubuntu/workspace/cst336/labs/final/index.php:0
[22-Jul-2018 21:55:18 UTC] PHP Warning:  Illegal string offset 'ship_condition' in /home/ubuntu/workspace/cst336/labs/final/index.php on line 47
[22-Jul-2018 21:55:18 UTC] PHP Stack trace:
[22-Jul-2018 21:55:18 UTC] PHP   1. {main}() /home/ubuntu/workspace/cst336/labs/final/index.php:0
[22-Jul-2018 21:55:18 UTC] PHP Warning:  Illegal string offset 'long_description' in /home/ubuntu/workspace/cst336/labs/final/index.php on line 48
[22-Jul-2018 21:55:18 UTC] PHP Stack trace:
[22-Jul-2018 21:55:18 UTC] PHP   1. {main}() /home/ubuntu/workspace/cst336/labs/final/index.php:0
[22-Jul-2018 21:55:18 UTC] PHP Warning:  Illegal string offset 'cost' in /home/ubuntu/workspace/cst336/labs/final/index.php on line 49
[22-Jul-2018 21:55:18 UTC] PHP Stack trace:
[22-Jul-2018 21:55:18 UTC] PHP   1. {main}() /home/ubuntu/workspace/cst336/labs/final/index.php:0
[22-Jul-2018 21:55:18 UTC] PHP Warning:  Illegal string offset 'year_of_production' in /home/ubuntu/workspace/cst336/labs/final/index.php on line 50
[22-Jul-2018 21:55:18 UTC] PHP Stack trace:
[22-Jul-2018 21:55:18 UTC] PHP   1. {main}() /home/ubuntu/workspace/cst336/labs/final/index.php:0
[22-Jul-2018 21:55:18 UTC] PHP Warning:  Illegal string offset 'image_url' in /home/ubuntu/workspace/cst336/labs/final/index.php on line 51
[22-Jul-2018 21:55:18 UTC] PHP Stack trace:
[22-Jul-2018 21:55:18 UTC] PHP   1. {main}() /home/ubuntu/workspace/cst336/labs/final/index.php:0
[22-Jul-2018 21:55:18 UTC] PHP Warning:  Illegal string offset 'action_image_url' in /home/ubuntu/workspace/cst336/labs/final/index.php on line 52
[22-Jul-2018 21:55:18 UTC] PHP Stack trace:
[22-Jul-2018 21:55:18 UTC] PHP   1. {main}() /home/ubuntu/workspace/cst336/labs/final/index.php:0
[22-Jul-2018 21:55:18 UTC] PHP Warning:  Illegal string offset 'name' in /home/ubuntu/workspace/cst336/labs/final/index.php on line 43
[22-Jul-2018 21:55:18 UTC] PHP Stack trace:
[22-Jul-2018 21:55:18 UTC] PHP   1. {main}() /home/ubuntu/workspace/cst336/labs/final/index.php:0
[22-Jul-2018 21:55:18 UTC] PHP Warning:  Illegal string offset 'make' in /home/ubuntu/workspace/cst336/labs/final/index.php on line 44
[22-Jul-2018 21:55:18 UTC] PHP Stack trace:
[22-Jul-2018 21:55:18 UTC] PHP   1. {main}() /home/ubuntu/workspace/cst336/labs/final/index.php:0
[22-Jul-2018 21:55:18 UTC] PHP Warning:  Illegal string offset 'model' in /home/ubuntu/workspace/cst336/labs/final/index.php on line 45
[22-Jul-2018 21:55:18 UTC] PHP Stack trace:
[22-Jul-2018 21:55:18 UTC] PHP   1. {main}() /home/ubuntu/workspace/cst336/labs/final/index.php:0
[22-Jul-2018 21:55:18 UTC] PHP Warning:  Illegal string offset 'make' in /home/ubuntu/workspace/cst336/labs/final/index.php on line 46
[22-Jul-2018 21:55:18 UTC] PHP Stack trace:
[22-Jul-2018 21:55:18 UTC] PHP   1. {main}() /home/ubuntu/workspace/cst336/labs/final/index.php:0
[22-Jul-2018 21:55:18 UTC] PHP Warning:  Illegal string offset 'ship_condition' in /home/ubuntu/workspace/cst336/labs/final/index.php on line 47
[22-Jul-2018 21:55:18 UTC] PHP Stack trace:
[22-Jul-2018 21:55:18 UTC] PHP   1. {main}() /home/ubuntu/workspace/cst336/labs/final/index.php:0
[22-Jul-2018 21:55:18 UTC] PHP Warning:  Illegal string offset 'long_description' in /home/ubuntu/workspace/cst336/labs/final/index.php on line 48
[22-Jul-2018 21:55:18 UTC] PHP Stack trace:
[22-Jul-2018 21:55:18 UTC] PHP   1. {main}() /home/ubuntu/workspace/cst336/labs/final/index.php:0
[22-Jul-2018 21:55:18 UTC] PHP Warning:  Illegal string offset 'cost' in /home/ubuntu/workspace/cst336/labs/final/index.php on line 49
[22-Jul-2018 21:55:18 UTC] PHP Stack trace:
[22-Jul-2018 21:55:18 UTC] PHP   1. {main}() /home/ubuntu/workspace/cst336/labs/final/index.php:0
[22-Jul-2018 21:55:18 UTC] PHP Warning:  Illegal string offset 'year_of_production' in /home/ubuntu/workspace/cst336/labs/final/index.php on line 50
[22-Jul-2018 21:55:18 UTC] PHP Stack trace:
[22-Jul-2018 21:55:18 UTC] PHP   1. {main}() /home/ubuntu/workspace/cst336/labs/final/index.php:0
[22-Jul-2018 21:55:18 UTC] PHP Warning:  Illegal string offset 'image_url' in /home/ubuntu/workspace/cst336/labs/final/index.php on line 51
[22-Jul-2018 21:55:18 UTC] PHP Stack trace:
[22-Jul-2018 21:55:18 UTC] PHP   1. {main}() /home/ubuntu/workspace/cst336/labs/final/index.php:0
[22-Jul-2018 21:55:18 UTC] PHP Warning:  Illegal string offset 'action_image_url' in /home/ubuntu/workspace/cst336/labs/final/index.php on line 52
[22-Jul-2018 21:55:18 UTC] PHP Stack trace:
[22-Jul-2018 21:55:18 UTC] PHP   1. {main}() /home/ubuntu/workspace/cst336/labs/final/index.php:0
[22-Jul-2018 21:55:18 UTC] PHP Warning:  Illegal string offset 'name' in /home/ubuntu/workspace/cst336/labs/final/index.php on line 43
[22-Jul-2018 21:55:18 UTC] PHP Stack trace:
[22-Jul-2018 21:55:18 UTC] PHP   1. {main}() /home/ubuntu/workspace/cst336/labs/final/index.php:0
[22-Jul-2018 21:55:18 UTC] PHP Warning:  Illegal string offset 'make' in /home/ubuntu/workspace/cst336/labs/final/index.php on line 44
[22-Jul-2018 21:55:18 UTC] PHP Stack trace:
[22-Jul-2018 21:55:18 UTC] PHP   1. {main}() /home/ubuntu/workspace/cst336/labs/final/index.php:0
[22-Jul-2018 21:55:18 UTC] PHP Warning:  Illegal string offset 'model' in /home/ubuntu/workspace/cst336/labs/final/index.php on line 45
[22-Jul-2018 21:55:18 UTC] PHP Stack trace:
[22-Jul-2018 21:55:18 UTC] PHP   1. {main}() /home/ubuntu/workspace/cst336/labs/final/index.php:0
[22-Jul-2018 21:55:18 UTC] PHP Warning:  Illegal string offset 'make' in /home/ubuntu/workspace/cst336/labs/final/index.php on line 46
[22-Jul-2018 21:55:18 UTC] PHP Stack trace:
[22-Jul-2018 21:55:18 UTC] PHP   1. {main}() /home/ubuntu/workspace/cst336/labs/final/index.php:0
[22-Jul-2018 21:55:18 UTC] PHP Warning:  Illegal string offset 'ship_condition' in /home/ubuntu/workspace/cst336/labs/final/index.php on line 47
[22-Jul-2018 21:55:18 UTC] PHP Stack trace:
[22-Jul-2018 21:55:18 UTC] PHP   1. {main}() /home/ubuntu/workspace/cst336/labs/final/index.php:0
[22-Jul-2018 21:55:18 UTC] PHP Warning:  Illegal string offset 'long_description' in /home/ubuntu/workspace/cst336/labs/final/index.php on line 48
[22-Jul-2018 21:55:18 UTC] PHP Stack trace:
[22-Jul-2018 21:55:18 UTC] PHP   1. {main}() /home/ubuntu/workspace/cst336/labs/final/index.php:0
[22-Jul-2018 21:55:18 UTC] PHP Warning:  Illegal string offset 'cost' in /home/ubuntu/workspace/cst336/labs/final/index.php on line 49
[22-Jul-2018 21:55:18 UTC] PHP Stack trace:
[22-Jul-2018 21:55:18 UTC] PHP   1. {main}() /home/ubuntu/workspace/cst336/labs/final/index.php:0
[22-Jul-2018 21:55:18 UTC] PHP Warning:  Illegal string offset 'year_of_production' in /home/ubuntu/workspace/cst336/labs/final/index.php on line 50
[22-Jul-2018 21:55:18 UTC] PHP Stack trace:
[22-Jul-2018 21:55:18 UTC] PHP   1. {main}() /home/ubuntu/workspace/cst336/labs/final/index.php:0
[22-Jul-2018 21:55:18 UTC] PHP Warning:  Illegal string offset 'image_url' in /home/ubuntu/workspace/cst336/labs/final/index.php on line 51
[22-Jul-2018 21:55:18 UTC] PHP Stack trace:
[22-Jul-2018 21:55:18 UTC] PHP   1. {main}() /home/ubuntu/workspace/cst336/labs/final/index.php:0
[22-Jul-2018 21:55:18 UTC] PHP Warning:  Illegal string offset 'action_image_url' in /home/ubuntu/workspace/cst336/labs/final/index.php on line 52
[22-Jul-2018 21:55:18 UTC] PHP Stack trace:
[22-Jul-2018 21:55:18 UTC] PHP   1. {main}() /home/ubuntu/workspace/cst336/labs/final/index.php:0
[22-Jul-2018 22:30:09 UTC] PHP Fatal error:  Call to undefined function getShipInfo() in /home/ubuntu/workspace/cst336/labs/final/index.php on line 108
[22-Jul-2018 22:30:09 UTC] PHP Stack trace:
[22-Jul-2018 22:30:09 UTC] PHP   1. {main}() /home/ubuntu/workspace/cst336/labs/final/index.php:0
[22-Jul-2018 22:30:30 UTC] PHP Fatal error:  Call to undefined function getShipInfo() in /home/ubuntu/workspace/cst336/labs/final/index.php on line 108
[22-Jul-2018 22:30:30 UTC] PHP Stack trace:
[22-Jul-2018 22:30:30 UTC] PHP   1. {main}() /home/ubuntu/workspace/cst336/labs/final/index.php:0
[22-Jul-2018 22:31:16 UTC] PHP Fatal error:  Call to undefined function getShipInfo() in /home/ubuntu/workspace/cst336/labs/final/index.php on line 94
[22-Jul-2018 22:31:16 UTC] PHP Stack trace:
[22-Jul-2018 22:31:16 UTC] PHP   1. {main}() /home/ubuntu/workspace/cst336/labs/final/index.php:0
[22-Jul-2018 23:34:53 UTC] PHP Fatal error:  Uncaught exception 'PDOException' with message 'SQLSTATE[42000]: Syntax error or access violation: 1064 You have an error in your SQL syntax; check the manual that corresponds to your MySQL server version for the right syntax to use near '' at line 2' in /home/ubuntu/workspace/cst336/labs/final/php/functions.php:36
Stack trace:
#0 /home/ubuntu/workspace/cst336/labs/final/php/functions.php(36): PDOStatement->execute()
#1 /home/ubuntu/workspace/cst336/labs/final/index.php(107): selectInventoryInfo(3)
#2 {main}
  thrown in /home/ubuntu/workspace/cst336/labs/final/php/functions.php on line 36
[22-Jul-2018 23:36:10 UTC] PHP Fatal error:  Uncaught exception 'PDOException' with message 'SQLSTATE[42000]: Syntax error or access violation: 1064 You have an error in your SQL syntax; check the manual that corresponds to your MySQL server version for the right syntax to use near '' at line 2' in /home/ubuntu/workspace/cst336/labs/final/php/functions.php:36
Stack trace:
#0 /home/ubuntu/workspace/cst336/labs/final/php/functions.php(36): PDOStatement->execute()
#1 /home/ubuntu/workspace/cst336/labs/final/index.php(107): selectInventoryInfo(3)
#2 {main}
  thrown in /home/ubuntu/workspace/cst336/labs/final/php/functions.php on line 36
[22-Jul-2018 23:36:59 UTC] PHP Fatal error:  Uncaught exception 'PDOException' with message 'SQLSTATE[42000]: Syntax error or access violation: 1064 You have an error in your SQL syntax; check the manual that corresponds to your MySQL server version for the right syntax to use near '' at line 2' in /home/ubuntu/workspace/cst336/labs/final/php/functions.php:36
Stack trace:
#0 /home/ubuntu/workspace/cst336/labs/final/php/functions.php(36): PDOStatement->execute()
#1 /home/ubuntu/workspace/cst336/labs/final/index.php(107): selectInventoryInfo(3)
#2 {main}
  thrown in /home/ubuntu/workspace/cst336/labs/final/php/functions.php on line 36
[23-Jul-2018 00:59:30 UTC] PHP Parse error:  syntax error, unexpected '", cost) as name  FROM invento' (T_CONSTANT_ENCAPSED_STRING), expecting variable (T_VARIABLE) or '$' in /home/ubuntu/workspace/cst336/labs/final/php/functions.php on line 167
[23-Jul-2018 00:59:30 UTC] PHP Stack trace:
[23-Jul-2018 00:59:30 UTC] PHP   1. {main}() /home/ubuntu/workspace/cst336/labs/final/crudTestingIndex.php:0
[23-Jul-2018 00:59:58 UTC] PHP Parse error:  syntax error, unexpected '", cost) as name  FROM invento' (T_CONSTANT_ENCAPSED_STRING) in /home/ubuntu/workspace/cst336/labs/final/php/functions.php on line 167
[23-Jul-2018 00:59:58 UTC] PHP Stack trace:
[23-Jul-2018 00:59:58 UTC] PHP   1. {main}() /home/ubuntu/workspace/cst336/labs/final/crudTestingIndex.php:0
