[21-Jul-2018 23:22:26 UTC] PHP Warning:  include(php/functions.php): failed to open stream: No such file or directory in /home/ubuntu/workspace/cst336/labs/final/php/createShip.php on line 2
[21-Jul-2018 23:22:26 UTC] PHP Stack trace:
[21-Jul-2018 23:22:26 UTC] PHP   1. {main}() /home/ubuntu/workspace/cst336/labs/final/php/createShip.php:0
[21-Jul-2018 23:22:26 UTC] PHP Warning:  include(): Failed opening 'php/functions.php' for inclusion (include_path='.:/usr/share/php:/usr/share/pear') in /home/ubuntu/workspace/cst336/labs/final/php/createShip.php on line 2
[21-Jul-2018 23:22:26 UTC] PHP Stack trace:
[21-Jul-2018 23:22:26 UTC] PHP   1. {main}() /home/ubuntu/workspace/cst336/labs/final/php/createShip.php:0
[21-Jul-2018 23:22:26 UTC] PHP Fatal error:  Call to a member function prepare() on a non-object in /home/ubuntu/workspace/cst336/labs/final/php/createShip.php on line 18
[21-Jul-2018 23:22:26 UTC] PHP Stack trace:
[21-Jul-2018 23:22:26 UTC] PHP   1. {main}() /home/ubuntu/workspace/cst336/labs/final/php/createShip.php:0
[21-Jul-2018 23:23:23 UTC] PHP Warning:  include(php/dbConnection.php): failed to open stream: No such file or directory in /home/ubuntu/workspace/cst336/labs/final/php/createShip.php on line 2
[21-Jul-2018 23:23:23 UTC] PHP Stack trace:
[21-Jul-2018 23:23:23 UTC] PHP   1. {main}() /home/ubuntu/workspace/cst336/labs/final/php/createShip.php:0
[21-Jul-2018 23:23:23 UTC] PHP Warning:  include(): Failed opening 'php/dbConnection.php' for inclusion (include_path='.:/usr/share/php:/usr/share/pear') in /home/ubuntu/workspace/cst336/labs/final/php/createShip.php on line 2
[21-Jul-2018 23:23:23 UTC] PHP Stack trace:
[21-Jul-2018 23:23:23 UTC] PHP   1. {main}() /home/ubuntu/workspace/cst336/labs/final/php/createShip.php:0
[21-Jul-2018 23:23:23 UTC] PHP Fatal error:  Call to a member function prepare() on a non-object in /home/ubuntu/workspace/cst336/labs/final/php/createShip.php on line 18
[21-Jul-2018 23:23:23 UTC] PHP Stack trace:
[21-Jul-2018 23:23:23 UTC] PHP   1. {main}() /home/ubuntu/workspace/cst336/labs/final/php/createShip.php:0
[21-Jul-2018 23:23:50 UTC] PHP Fatal error:  Call to a member function prepare() on a non-object in /home/ubuntu/workspace/cst336/labs/final/php/createShip.php on line 18
[21-Jul-2018 23:23:50 UTC] PHP Stack trace:
[21-Jul-2018 23:23:50 UTC] PHP   1. {main}() /home/ubuntu/workspace/cst336/labs/final/php/createShip.php:0
[21-Jul-2018 23:24:25 UTC] PHP Fatal error:  Call to a member function prepare() on a non-object in /home/ubuntu/workspace/cst336/labs/final/php/createShip.php on line 17
[21-Jul-2018 23:24:25 UTC] PHP Stack trace:
[21-Jul-2018 23:24:25 UTC] PHP   1. {main}() /home/ubuntu/workspace/cst336/labs/final/php/createShip.php:0
[21-Jul-2018 23:24:30 UTC] PHP Fatal error:  Call to a member function prepare() on a non-object in /home/ubuntu/workspace/cst336/labs/final/php/createShip.php on line 17
[21-Jul-2018 23:24:30 UTC] PHP Stack trace:
[21-Jul-2018 23:24:30 UTC] PHP   1. {main}() /home/ubuntu/workspace/cst336/labs/final/php/createShip.php:0
[21-Jul-2018 23:25:46 UTC] PHP Fatal error:  Call to a member function prepare() on a non-object in /home/ubuntu/workspace/cst336/labs/final/php/createShip.php on line 17
[21-Jul-2018 23:25:46 UTC] PHP Stack trace:
[21-Jul-2018 23:25:46 UTC] PHP   1. {main}() /home/ubuntu/workspace/cst336/labs/final/php/createShip.php:0
[21-Jul-2018 23:26:43 UTC] PHP Fatal error:  Uncaught exception 'PDOException' with message 'SQLSTATE[42S02]: Base table or view not found: 1146 Table 'heroku_95f57077cc03cf4.om_product' doesn't exist' in /home/ubuntu/workspace/cst336/labs/final/php/createShip.php:18
Stack trace:
#0 /home/ubuntu/workspace/cst336/labs/final/php/createShip.php(18): PDOStatement->execute(Array)
#1 {main}
  thrown in /home/ubuntu/workspace/cst336/labs/final/php/createShip.php on line 18
[21-Jul-2018 23:36:01 UTC] PHP Parse error:  syntax error, unexpected '.' in /home/ubuntu/workspace/cst336/labs/final/php/functions.php on line 43
[21-Jul-2018 23:36:01 UTC] PHP Stack trace:
[21-Jul-2018 23:36:01 UTC] PHP   1. {main}() /home/ubuntu/workspace/cst336/labs/final/php/createShip.php:0
[22-Jul-2018 00:01:11 UTC] PHP Parse error:  syntax error, unexpected '}', expecting ',' or ';' in /home/ubuntu/workspace/cst336/labs/final/php/createShip.php on line 18
[22-Jul-2018 00:02:07 UTC] PHP Parse error:  syntax error, unexpected '}', expecting ',' or ';' in /home/ubuntu/workspace/cst336/labs/final/php/createShip.php on line 18
[22-Jul-2018 00:02:33 UTC] PHP Fatal error:  Call to undefined function createShip() in /home/ubuntu/workspace/cst336/labs/final/php/createShip.php on line 11
[22-Jul-2018 00:02:33 UTC] PHP Stack trace:
[22-Jul-2018 00:02:33 UTC] PHP   1. {main}() /home/ubuntu/workspace/cst336/labs/final/php/createShip.php:0
[22-Jul-2018 20:48:46 UTC] PHP Fatal error:  Uncaught exception 'PDOException' with message 'SQLSTATE[42000]: Syntax error or access violation: 1064 You have an error in your SQL syntax; check the manual that corresponds to your MySQL server version for the right syntax to use near 'condition, image_url, action_image_url) 
                VALUES 
               ' at line 2' in /home/ubuntu/workspace/cst336/labs/final/php/functions.php:46
Stack trace:
#0 /home/ubuntu/workspace/cst336/labs/final/php/functions.php(46): PDOStatement->execute(Array)
#1 /home/ubuntu/workspace/cst336/labs/final/php/createShip.php(27): createShip(Array)
#2 {main}
  thrown in /home/ubuntu/workspace/cst336/labs/final/php/functions.php on line 46
[22-Jul-2018 21:06:56 UTC] PHP Fatal error:  Uncaught exception 'PDOException' with message 'SQLSTATE[42000]: Syntax error or access violation: 1064 You have an error in your SQL syntax; check the manual that corresponds to your MySQL server version for the right syntax to use near 'condition, image_url, action_image_url) 
                VALUES 
               ' at line 2' in /home/ubuntu/workspace/cst336/labs/final/php/functions.php:46
Stack trace:
#0 /home/ubuntu/workspace/cst336/labs/final/php/functions.php(46): PDOStatement->execute(Array)
#1 /home/ubuntu/workspace/cst336/labs/final/php/createShip.php(26): createShip(Array)
#2 {main}
  thrown in /home/ubuntu/workspace/cst336/labs/final/php/functions.php on line 46
[22-Jul-2018 21:08:53 UTC] PHP Fatal error:  Uncaught exception 'PDOException' with message 'SQLSTATE[42000]: Syntax error or access violation: 1064 You have an error in your SQL syntax; check the manual that corresponds to your MySQL server version for the right syntax to use near 'condition, image_url, action_image_url) 
                VALUES 
               ' at line 2' in /home/ubuntu/workspace/cst336/labs/final/php/functions.php:46
Stack trace:
#0 /home/ubuntu/workspace/cst336/labs/final/php/functions.php(46): PDOStatement->execute(Array)
#1 /home/ubuntu/workspace/cst336/labs/final/php/createShip.php(21): createShip(Array)
#2 {main}
  thrown in /home/ubuntu/workspace/cst336/labs/final/php/functions.php on line 46
[22-Jul-2018 21:13:57 UTC] PHP Warning:  Invalid argument supplied for foreach() in /home/ubuntu/workspace/cst336/labs/final/php/createShip.php on line 27
[22-Jul-2018 21:13:57 UTC] PHP Stack trace:
[22-Jul-2018 21:13:57 UTC] PHP   1. {main}() /home/ubuntu/workspace/cst336/labs/final/php/createShip.php:0
[22-Jul-2018 21:14:22 UTC] PHP Fatal error:  Uncaught exception 'PDOException' with message 'SQLSTATE[42000]: Syntax error or access violation: 1064 You have an error in your SQL syntax; check the manual that corresponds to your MySQL server version for the right syntax to use near 'condition, image_url, action_image_url) 
                VALUES 
               ' at line 2' in /home/ubuntu/workspace/cst336/labs/final/php/functions.php:46
Stack trace:
#0 /home/ubuntu/workspace/cst336/labs/final/php/functions.php(46): PDOStatement->execute(Array)
#1 /home/ubuntu/workspace/cst336/labs/final/php/createShip.php(26): createShip(Array)
#2 {main}
  thrown in /home/ubuntu/workspace/cst336/labs/final/php/functions.php on line 46
[22-Jul-2018 21:15:41 UTC] PHP Fatal error:  Uncaught exception 'PDOException' with message 'SQLSTATE[42000]: Syntax error or access violation: 1064 You have an error in your SQL syntax; check the manual that corresponds to your MySQL server version for the right syntax to use near 'condition, image_url, action_image_url) 
                VALUES 
               ' at line 2' in /home/ubuntu/workspace/cst336/labs/final/php/functions.php:46
Stack trace:
#0 /home/ubuntu/workspace/cst336/labs/final/php/functions.php(46): PDOStatement->execute(Array)
#1 /home/ubuntu/workspace/cst336/labs/final/php/createShip.php(26): createShip(Array)
#2 {main}
  thrown in /home/ubuntu/workspace/cst336/labs/final/php/functions.php on line 46
[22-Jul-2018 21:19:30 UTC] PHP Fatal error:  Uncaught exception 'PDOException' with message 'SQLSTATE[42000]: Syntax error or access violation: 1064 You have an error in your SQL syntax; check the manual that corresponds to your MySQL server version for the right syntax to use near 'condition, image_url, action_image_url) 
                   VALUES ('TEST', 'ETS' at line 2' in /home/ubuntu/workspace/cst336/labs/final/php/functions.php:45
Stack trace:
#0 /home/ubuntu/workspace/cst336/labs/final/php/functions.php(45): PDOStatement->execute(Array)
#1 /home/ubuntu/workspace/cst336/labs/final/php/createShip.php(26): createShip(Array)
#2 {main}
  thrown in /home/ubuntu/workspace/cst336/labs/final/php/functions.php on line 45
[22-Jul-2018 21:20:26 UTC] PHP Fatal error:  Uncaught exception 'PDOException' with message 'SQLSTATE[42000]: Syntax error or access violation: 1064 You have an error in your SQL syntax; check the manual that corresponds to your MySQL server version for the right syntax to use near 'condition, image_url, action_image_url) 
                   VALUES ('setse', 'se' at line 2' in /home/ubuntu/workspace/cst336/labs/final/php/functions.php:45
Stack trace:
#0 /home/ubuntu/workspace/cst336/labs/final/php/functions.php(45): PDOStatement->execute(Array)
#1 /home/ubuntu/workspace/cst336/labs/final/php/createShip.php(26): createShip(Array)
#2 {main}
  thrown in /home/ubuntu/workspace/cst336/labs/final/php/functions.php on line 45
[22-Jul-2018 21:23:26 UTC] PHP Fatal error:  Uncaught exception 'PDOException' with message 'SQLSTATE[42000]: Syntax error or access violation: 1064 You have an error in your SQL syntax; check the manual that corresponds to your MySQL server version for the right syntax to use near 'condition, image_url, action_image_url) 
                   VALUES ('setse', 'se' at line 2' in /home/ubuntu/workspace/cst336/labs/final/php/functions.php:45
Stack trace:
#0 /home/ubuntu/workspace/cst336/labs/final/php/functions.php(45): PDOStatement->execute(Array)
#1 /home/ubuntu/workspace/cst336/labs/final/php/createShip.php(26): createShip(Array)
#2 {main}
  thrown in /home/ubuntu/workspace/cst336/labs/final/php/functions.php on line 45
[22-Jul-2018 21:24:00 UTC] PHP Fatal error:  Uncaught exception 'PDOException' with message 'SQLSTATE[42000]: Syntax error or access violation: 1064 You have an error in your SQL syntax; check the manual that corresponds to your MySQL server version for the right syntax to use near 'condition, image_url, action_image_url) 
                   VALUES ('new', 'ship' at line 2' in /home/ubuntu/workspace/cst336/labs/final/php/functions.php:45
Stack trace:
#0 /home/ubuntu/workspace/cst336/labs/final/php/functions.php(45): PDOStatement->execute(Array)
#1 /home/ubuntu/workspace/cst336/labs/final/php/createShip.php(26): createShip(Array)
#2 {main}
  thrown in /home/ubuntu/workspace/cst336/labs/final/php/functions.php on line 45
[22-Jul-2018 21:27:15 UTC] PHP Fatal error:  Uncaught exception 'PDOException' with message 'SQLSTATE[HY093]: Invalid parameter number: parameter was not defined' in /home/ubuntu/workspace/cst336/labs/final/php/functions.php:45
Stack trace:
#0 /home/ubuntu/workspace/cst336/labs/final/php/functions.php(45): PDOStatement->execute(Array)
#1 /home/ubuntu/workspace/cst336/labs/final/php/createShip.php(26): createShip(Array)
#2 {main}
  thrown in /home/ubuntu/workspace/cst336/labs/final/php/functions.php on line 45
[22-Jul-2018 21:40:52 UTC] PHP Fatal error:  Uncaught exception 'PDOException' with message 'SQLSTATE[42S22]: Column not found: 1054 Unknown column 'ship' in 'field list'' in /home/ubuntu/workspace/cst336/labs/final/php/functions.php:64
Stack trace:
#0 /home/ubuntu/workspace/cst336/labs/final/php/functions.php(64): PDOStatement->execute(Array)
#1 /home/ubuntu/workspace/cst336/labs/final/php/createInventory.php(19): createInventory(Array)
#2 {main}
  thrown in /home/ubuntu/workspace/cst336/labs/final/php/functions.php on line 64
[22-Jul-2018 23:02:01 UTC] PHP Fatal error:  Call to a member function fetch() on a non-object in /home/ubuntu/workspace/cst336/labs/final/php/functions.php on line 67
[22-Jul-2018 23:02:01 UTC] PHP Stack trace:
[22-Jul-2018 23:02:01 UTC] PHP   1. {main}() /home/ubuntu/workspace/cst336/labs/final/php/createShip.php:0
[22-Jul-2018 23:02:01 UTC] PHP   2. createShip() /home/ubuntu/workspace/cst336/labs/final/php/createShip.php:24
[22-Jul-2018 23:02:01 UTC] PHP   3. getShipCreatedLast() /home/ubuntu/workspace/cst336/labs/final/php/functions.php:59
[22-Jul-2018 23:06:18 UTC] PHP Fatal error:  Call to a member function fetch() on a non-object in /home/ubuntu/workspace/cst336/labs/final/php/functions.php on line 67
[22-Jul-2018 23:06:18 UTC] PHP Stack trace:
[22-Jul-2018 23:06:18 UTC] PHP   1. {main}() /home/ubuntu/workspace/cst336/labs/final/php/createShip.php:0
[22-Jul-2018 23:06:18 UTC] PHP   2. createShip() /home/ubuntu/workspace/cst336/labs/final/php/createShip.php:24
[22-Jul-2018 23:06:18 UTC] PHP   3. getShipCreatedLast() /home/ubuntu/workspace/cst336/labs/final/php/functions.php:59
[22-Jul-2018 23:07:31 UTC] PHP Fatal error:  Call to a member function fetch() on a non-object in /home/ubuntu/workspace/cst336/labs/final/php/functions.php on line 67
[22-Jul-2018 23:07:31 UTC] PHP Stack trace:
[22-Jul-2018 23:07:31 UTC] PHP   1. {main}() /home/ubuntu/workspace/cst336/labs/final/php/createShip.php:0
[22-Jul-2018 23:07:31 UTC] PHP   2. createShip() /home/ubuntu/workspace/cst336/labs/final/php/createShip.php:24
[22-Jul-2018 23:07:31 UTC] PHP   3. getShipCreatedLast() /home/ubuntu/workspace/cst336/labs/final/php/functions.php:59
[22-Jul-2018 23:09:00 UTC] PHP Fatal error:  Uncaught exception 'PDOException' with message 'SQLSTATE[23000]: Integrity constraint violation: 1452 Cannot add or update a child row: a foreign key constraint fails (`heroku_95f57077cc03cf4`.`inventory`, CONSTRAINT `ship` FOREIGN KEY (`ship`) REFERENCES `ships` (`ship_id`) ON DELETE NO ACTION ON UPDATE NO ACTION)' in /home/ubuntu/workspace/cst336/labs/final/php/functions.php:77
Stack trace:
#0 /home/ubuntu/workspace/cst336/labs/final/php/functions.php(77): PDOStatement->execute(Array)
#1 /home/ubuntu/workspace/cst336/labs/final/php/createInventory.php(19): createInventory(Array)
#2 {main}
  thrown in /home/ubuntu/workspace/cst336/labs/final/php/functions.php on line 77
[22-Jul-2018 23:17:27 UTC] PHP Fatal error:  Uncaught exception 'PDOException' with message 'SQLSTATE[HY093]: Invalid parameter number: number of bound variables does not match number of tokens' in /home/ubuntu/workspace/cst336/labs/final/php/functions.php:115
Stack trace:
#0 /home/ubuntu/workspace/cst336/labs/final/php/functions.php(115): PDOStatement->execute(Array)
#1 /home/ubuntu/workspace/cst336/labs/final/php/updateShip.php(24): updateShip(2, Array)
#2 {main}
  thrown in /home/ubuntu/workspace/cst336/labs/final/php/functions.php on line 115
[22-Jul-2018 23:19:41 UTC] PHP Fatal error:  Uncaught exception 'PDOException' with message 'SQLSTATE[42000]: Syntax error or access violation: 1064 You have an error in your SQL syntax; check the manual that corresponds to your MySQL server version for the right syntax to use near 'action_mage_url = 'https://s25.postimg.cc/xl0cgrv9b/galactica_Action.gif' 
     ' at line 7' in /home/ubuntu/workspace/cst336/labs/final/php/functions.php:115
Stack trace:
#0 /home/ubuntu/workspace/cst336/labs/final/php/functions.php(115): PDOStatement->execute(Array)
#1 /home/ubuntu/workspace/cst336/labs/final/php/updateShip.php(24): updateShip(2, Array)
#2 {main}
  thrown in /home/ubuntu/workspace/cst336/labs/final/php/functions.php on line 115
[22-Jul-2018 23:20:18 UTC] PHP Fatal error:  Uncaught exception 'PDOException' with message 'SQLSTATE[42000]: Syntax error or access violation: 1064 You have an error in your SQL syntax; check the manual that corresponds to your MySQL server version for the right syntax to use near 'action_mage_url = 'https://s25.postimg.cc/xl0cgrv9b/galactica_Action.gif'  
    ' at line 7' in /home/ubuntu/workspace/cst336/labs/final/php/functions.php:115
Stack trace:
#0 /home/ubuntu/workspace/cst336/labs/final/php/functions.php(115): PDOStatement->execute(Array)
#1 /home/ubuntu/workspace/cst336/labs/final/php/updateShip.php(24): updateShip(2, Array)
#2 {main}
  thrown in /home/ubuntu/workspace/cst336/labs/final/php/functions.php on line 115
[22-Jul-2018 23:22:08 UTC] PHP Fatal error:  Uncaught exception 'PDOException' with message 'SQLSTATE[42000]: Syntax error or access violation: 1064 You have an error in your SQL syntax; check the manual that corresponds to your MySQL server version for the right syntax to use near 'action_mage_url = 'testing'  
                    WHERE ship_id = 2' at line 7' in /home/ubuntu/workspace/cst336/labs/final/php/functions.php:115
Stack trace:
#0 /home/ubuntu/workspace/cst336/labs/final/php/functions.php(115): PDOStatement->execute(Array)
#1 /home/ubuntu/workspace/cst336/labs/final/php/updateShip.php(24): updateShip(2, Array)
#2 {main}
  thrown in /home/ubuntu/workspace/cst336/labs/final/php/functions.php on line 115
[22-Jul-2018 23:22:40 UTC] PHP Fatal error:  Uncaught exception 'PDOException' with message 'SQLSTATE[42000]: Syntax error or access violation: 1064 You have an error in your SQL syntax; check the manual that corresponds to your MySQL server version for the right syntax to use near 'action_image_url = 'https://s25.postimg.cc/xl0cgrv9b/galactica_Action.gif'  
   ' at line 7' in /home/ubuntu/workspace/cst336/labs/final/php/functions.php:115
Stack trace:
#0 /home/ubuntu/workspace/cst336/labs/final/php/functions.php(115): PDOStatement->execute(Array)
#1 /home/ubuntu/workspace/cst336/labs/final/php/updateShip.php(24): updateShip(2, Array)
#2 {main}
  thrown in /home/ubuntu/workspace/cst336/labs/final/php/functions.php on line 115
[22-Jul-2018 23:23:19 UTC] PHP Fatal error:  Uncaught exception 'PDOException' with message 'SQLSTATE[42S22]: Column not found: 1054 Unknown column 'long_descriptionn' in 'field list'' in /home/ubuntu/workspace/cst336/labs/final/php/functions.php:115
Stack trace:
#0 /home/ubuntu/workspace/cst336/labs/final/php/functions.php(115): PDOStatement->execute(Array)
#1 /home/ubuntu/workspace/cst336/labs/final/php/updateShip.php(24): updateShip(2, Array)
#2 {main}
  thrown in /home/ubuntu/workspace/cst336/labs/final/php/functions.php on line 115
[22-Jul-2018 23:37:32 UTC] PHP Fatal error:  Uncaught exception 'PDOException' with message 'SQLSTATE[42S22]: Column not found: 1054 Unknown column 'inv_id' in 'where clause'' in /home/ubuntu/workspace/cst336/labs/final/php/functions.php:139
Stack trace:
#0 /home/ubuntu/workspace/cst336/labs/final/php/functions.php(139): PDOStatement->execute(Array)
#1 /home/ubuntu/workspace/cst336/labs/final/php/updateInventory.php(20): updateInventory(3, Array)
#2 {main}
  thrown in /home/ubuntu/workspace/cst336/labs/final/php/functions.php on line 139
[22-Jul-2018 23:53:58 UTC] PHP Warning:  Invalid argument supplied for foreach() in /home/ubuntu/workspace/cst336/labs/final/php/deleteShip.php on line 12
[22-Jul-2018 23:53:58 UTC] PHP Stack trace:
[22-Jul-2018 23:53:58 UTC] PHP   1. {main}() /home/ubuntu/workspace/cst336/labs/final/php/deleteShip.php:0
[23-Jul-2018 00:18:57 UTC] PHP Fatal error:  Uncaught exception 'PDOException' with message 'SQLSTATE[42000]: Syntax error or access violation: 1064 You have an error in your SQL syntax; check the manual that corresponds to your MySQL server version for the right syntax to use near '' at line 1' in /home/ubuntu/workspace/cst336/labs/final/php/functions.php:147
Stack trace:
#0 /home/ubuntu/workspace/cst336/labs/final/php/functions.php(147): PDOStatement->execute(NULL)
#1 /home/ubuntu/workspace/cst336/labs/final/php/deleteShip.php(11): deleteShip(NULL)
#2 {main}
  thrown in /home/ubuntu/workspace/cst336/labs/final/php/functions.php on line 147
[23-Jul-2018 00:25:27 UTC] PHP Fatal error:  Uncaught exception 'PDOException' with message 'SQLSTATE[42000]: Syntax error or access violation: 1064 You have an error in your SQL syntax; check the manual that corresponds to your MySQL server version for the right syntax to use near '' at line 1' in /home/ubuntu/workspace/cst336/labs/final/php/functions.php:147
Stack trace:
#0 /home/ubuntu/workspace/cst336/labs/final/php/functions.php(147): PDOStatement->execute(NULL)
#1 /home/ubuntu/workspace/cst336/labs/final/php/deleteShip.php(11): deleteShip(NULL)
#2 {main}
  thrown in /home/ubuntu/workspace/cst336/labs/final/php/functions.php on line 147
[23-Jul-2018 00:32:22 UTC] PHP Fatal error:  Uncaught exception 'PDOException' with message 'SQLSTATE[42000]: Syntax error or access violation: 1064 You have an error in your SQL syntax; check the manual that corresponds to your MySQL server version for the right syntax to use near '' at line 1' in /home/ubuntu/workspace/cst336/labs/final/php/functions.php:147
Stack trace:
#0 /home/ubuntu/workspace/cst336/labs/final/php/functions.php(147): PDOStatement->execute(NULL)
#1 /home/ubuntu/workspace/cst336/labs/final/php/deleteShip.php(11): deleteShip(NULL)
#2 {main}
  thrown in /home/ubuntu/workspace/cst336/labs/final/php/functions.php on line 147
[23-Jul-2018 00:34:29 UTC] PHP Fatal error:  Uncaught exception 'PDOException' with message 'SQLSTATE[42000]: Syntax error or access violation: 1064 You have an error in your SQL syntax; check the manual that corresponds to your MySQL server version for the right syntax to use near '' at line 1' in /home/ubuntu/workspace/cst336/labs/final/php/functions.php:147
Stack trace:
#0 /home/ubuntu/workspace/cst336/labs/final/php/functions.php(147): PDOStatement->execute(NULL)
#1 /home/ubuntu/workspace/cst336/labs/final/php/deleteShip.php(11): deleteShip(NULL)
#2 {main}
  thrown in /home/ubuntu/workspace/cst336/labs/final/php/functions.php on line 147
[23-Jul-2018 00:34:37 UTC] PHP Fatal error:  Uncaught exception 'PDOException' with message 'SQLSTATE[42000]: Syntax error or access violation: 1064 You have an error in your SQL syntax; check the manual that corresponds to your MySQL server version for the right syntax to use near '' at line 1' in /home/ubuntu/workspace/cst336/labs/final/php/functions.php:147
Stack trace:
#0 /home/ubuntu/workspace/cst336/labs/final/php/functions.php(147): PDOStatement->execute(NULL)
#1 /home/ubuntu/workspace/cst336/labs/final/php/deleteShip.php(11): deleteShip(NULL)
#2 {main}
  thrown in /home/ubuntu/workspace/cst336/labs/final/php/functions.php on line 147
[23-Jul-2018 00:56:35 UTC] PHP Parse error:  syntax error, unexpected '", cost) as name  FROM invento' (T_CONSTANT_ENCAPSED_STRING), expecting variable (T_VARIABLE) or '$' in /home/ubuntu/workspace/cst336/labs/final/php/functions.php on line 167
[23-Jul-2018 00:56:35 UTC] PHP Stack trace:
[23-Jul-2018 00:56:35 UTC] PHP   1. {main}() /home/ubuntu/workspace/cst336/labs/final/php/createShip.php:0
